2021-03-19 20:32:11,085 [INFO] Activator:170 - 


2021-03-19 20:32:11,086 [INFO] Activator:171 - !SESSION log4j initialized
2021-03-28 13:20:40,696 [INFO] Activator:170 - 


2021-03-28 13:20:40,699 [INFO] Activator:171 - !SESSION log4j initialized
2021-03-28 13:21:17,437 [INFO] RetryExec:97 - I/O exception (org.apache.http.NoHttpResponseException) caught when processing request to {s}->https://sw-center.st.com:443: The target server failed to respond
2021-03-28 13:21:17,438 [INFO] RetryExec:113 - Retrying request to {s}->https://sw-center.st.com:443
2021-03-28 13:21:19,849 [INFO] RetryExec:97 - I/O exception (org.apache.http.NoHttpResponseException) caught when processing request to {s}->https://sw-center.st.com:443: The target server failed to respond
2021-03-28 13:21:19,850 [INFO] RetryExec:113 - Retrying request to {s}->https://sw-center.st.com:443
2021-03-28 13:21:20,295 [INFO] RetryExec:97 - I/O exception (org.apache.http.NoHttpResponseException) caught when processing request to {s}->https://sw-center.st.com:443: The target server failed to respond
2021-03-28 13:21:20,295 [INFO] RetryExec:113 - Retrying request to {s}->https://sw-center.st.com:443
2021-03-28 13:21:20,684 [INFO] RetryExec:97 - I/O exception (org.apache.http.NoHttpResponseException) caught when processing request to {s}->https://sw-center.st.com:443: The target server failed to respond
2021-03-28 13:21:20,684 [INFO] RetryExec:113 - Retrying request to {s}->https://sw-center.st.com:443
2021-03-28 13:21:21,137 [INFO] RetryExec:97 - I/O exception (org.apache.http.NoHttpResponseException) caught when processing request to {s}->https://sw-center.st.com:443: The target server failed to respond
2021-03-28 13:21:21,137 [INFO] RetryExec:113 - Retrying request to {s}->https://sw-center.st.com:443
2021-03-28 13:21:21,609 [INFO] RetryExec:97 - I/O exception (org.apache.http.NoHttpResponseException) caught when processing request to {s}->https://sw-center.st.com:443: The target server failed to respond
2021-03-28 13:21:21,610 [INFO] RetryExec:113 - Retrying request to {s}->https://sw-center.st.com:443
2021-03-28 13:21:22,069 [INFO] RetryExec:97 - I/O exception (org.apache.http.NoHttpResponseException) caught when processing request to {s}->https://sw-center.st.com:443: The target server failed to respond
2021-03-28 13:21:22,069 [INFO] RetryExec:113 - Retrying request to {s}->https://sw-center.st.com:443
2021-03-28 13:21:22,519 [INFO] RetryExec:97 - I/O exception (org.apache.http.NoHttpResponseException) caught when processing request to {s}->https://sw-center.st.com:443: The target server failed to respond
2021-03-28 13:21:22,519 [INFO] RetryExec:113 - Retrying request to {s}->https://sw-center.st.com:443
2021-03-28 13:21:22,941 [INFO] RetryExec:97 - I/O exception (org.apache.http.NoHttpResponseException) caught when processing request to {s}->https://sw-center.st.com:443: The target server failed to respond
2021-03-28 13:21:22,942 [INFO] RetryExec:113 - Retrying request to {s}->https://sw-center.st.com:443
2021-03-28 13:21:23,363 [INFO] RetryExec:97 - I/O exception (org.apache.http.NoHttpResponseException) caught when processing request to {s}->https://sw-center.st.com:443: The target server failed to respond
2021-03-28 13:21:23,363 [INFO] RetryExec:113 - Retrying request to {s}->https://sw-center.st.com:443
2021-03-28 13:21:30,264 [INFO] RetryExec:97 - I/O exception (org.apache.http.NoHttpResponseException) caught when processing request to {}->http://sw-center.st.com:80: The target server failed to respond
2021-03-28 13:21:30,265 [INFO] RetryExec:113 - Retrying request to {}->http://sw-center.st.com:80
2021-03-28 13:22:52,302 [INFO] McuFinderGlobals:39 - Set McuFinder mode to 2 (CubeIDE integrated)
2021-03-28 13:22:52,986 [INFO] ApplicationProperties:181 - Using Application install path: C:\ST\STM32CubeIDE_1.6.0\STM32CubeIDE\plugins\com.st.stm32cube.common.mx_6.2.0.202102191602
2021-03-28 13:22:52,997 [INFO] DbMcusXml:74 - Set database path to: C:\ST\STM32CubeIDE_1.6.0\STM32CubeIDE\plugins\com.st.stm32cube.common.mx_6.2.0.202102191602\\db\/mcu/
2021-03-28 13:22:53,000 [INFO] DbBoardsPdsc:56 - Set plugin database path to: C:\ST\STM32CubeIDE_1.6.0\STM32CubeIDE\plugins\com.st.stm32cube.common.mx_6.2.0.202102191602\\db\/plugins/boardmanager/
2021-03-28 13:22:53,001 [INFO] DbMcus:258 - Set plugin images path to: C:\ST\STM32CubeIDE_1.6.0\STM32CubeIDE\plugins\com.st.stm32cube.common.mx_6.2.0.202102191602\\db\/plugins/mcufinder/images/
2021-03-28 13:22:53,001 [INFO] DbBoards:264 - Set plugin images path to: C:\ST\STM32CubeIDE_1.6.0\STM32CubeIDE\plugins\com.st.stm32cube.common.mx_6.2.0.202102191602\\db\/plugins/mcufinder/images/
2021-03-28 13:22:53,003 [INFO] DbExamples:333 - Set plugin images path to: C:\ST\STM32CubeIDE_1.6.0\STM32CubeIDE\plugins\com.st.stm32cube.common.mx_6.2.0.202102191602\\db\/plugins/mcufinder/images/
2021-03-28 13:22:53,010 [INFO] DbMcusAds:85 - Set database path to: C:\Users\kolya\.stmcufinder\plugins\mcufinder//mcu/
2021-03-28 13:22:53,011 [INFO] DbMcusDocs:110 - Set database path to: C:\Users\kolya\.stmcufinder\plugins\mcufinder//mcu/
2021-03-28 13:22:53,013 [INFO] DbMcusJson:65 - Set database path to: C:\Users\kolya\.stmcufinder\plugins\mcufinder//mcu/
2021-03-28 13:22:53,014 [INFO] DbBoardsDocs:110 - Set database path to: C:\Users\kolya\.stmcufinder\plugins\mcufinder//mcu/
2021-03-28 13:22:53,015 [INFO] DbBoardsJson:58 - Set database path to: C:\Users\kolya\.stmcufinder\plugins\mcufinder//mcu/
2021-03-28 13:22:53,019 [INFO] CrossReferenceDbSqlite:196 - Set database path to: C:\Users\kolya\.stmcufinder\plugins\mcufinder//mcu/cs/
2021-03-28 13:22:53,022 [INFO] DbExamplesSqlite:690 - Set database path to: C:\Users\kolya\.stmcufinder\plugins\mcufinder//mcu/
2021-03-28 13:22:53,126 [INFO] RulesReader:52 - Compatibility file has been processed (237 Rules)
2021-03-28 13:22:53,280 [INFO] MicroXplorer:622 - Detected Java Version = 11.0.9.1
2021-03-28 13:22:53,281 [INFO] DbMcusXml:74 - Set database path to: C:\ST\STM32CubeIDE_1.6.0\STM32CubeIDE\plugins\com.st.stm32cube.common.mx_6.2.0.202102191602\\db\/mcu/
2021-03-28 13:22:53,282 [INFO] DbBoardsPdsc:56 - Set plugin database path to: C:\ST\STM32CubeIDE_1.6.0\STM32CubeIDE\plugins\com.st.stm32cube.common.mx_6.2.0.202102191602\\db\/plugins/boardmanager/
2021-03-28 13:22:53,282 [INFO] DbMcus:258 - Set plugin images path to: C:\ST\STM32CubeIDE_1.6.0\STM32CubeIDE\plugins\com.st.stm32cube.common.mx_6.2.0.202102191602\\db\/plugins/mcufinder/images/
2021-03-28 13:22:53,282 [INFO] DbBoards:264 - Set plugin images path to: C:\ST\STM32CubeIDE_1.6.0\STM32CubeIDE\plugins\com.st.stm32cube.common.mx_6.2.0.202102191602\\db\/plugins/mcufinder/images/
2021-03-28 13:22:53,282 [INFO] DbExamples:333 - Set plugin images path to: C:\ST\STM32CubeIDE_1.6.0\STM32CubeIDE\plugins\com.st.stm32cube.common.mx_6.2.0.202102191602\\db\/plugins/mcufinder/images/
2021-03-28 13:22:53,282 [WARN] DbFile:35 - Overriding database path with different value: C:\Users\kolya\.stmcufinder\plugins\mcufinder/ => C:\Users\kolya\.stmcufinder\plugins\mcufinder
2021-03-28 13:22:53,282 [INFO] DbMcusAds:85 - Set database path to: C:\Users\kolya\.stmcufinder\plugins\mcufinder//mcu/
2021-03-28 13:22:53,282 [WARN] DbFile:35 - Overriding database path with different value: C:\Users\kolya\.stmcufinder\plugins\mcufinder/ => C:\Users\kolya\.stmcufinder\plugins\mcufinder
2021-03-28 13:22:53,283 [INFO] DbMcusDocs:110 - Set database path to: C:\Users\kolya\.stmcufinder\plugins\mcufinder//mcu/
2021-03-28 13:22:53,283 [WARN] DbFile:35 - Overriding database path with different value: C:\Users\kolya\.stmcufinder\plugins\mcufinder/ => C:\Users\kolya\.stmcufinder\plugins\mcufinder
2021-03-28 13:22:53,283 [INFO] DbMcusJson:65 - Set database path to: C:\Users\kolya\.stmcufinder\plugins\mcufinder//mcu/
2021-03-28 13:22:53,283 [WARN] DbFile:35 - Overriding database path with different value: C:\Users\kolya\.stmcufinder\plugins\mcufinder/ => C:\Users\kolya\.stmcufinder\plugins\mcufinder
2021-03-28 13:22:53,283 [INFO] DbBoardsDocs:110 - Set database path to: C:\Users\kolya\.stmcufinder\plugins\mcufinder//mcu/
2021-03-28 13:22:53,283 [WARN] DbFile:35 - Overriding database path with different value: C:\Users\kolya\.stmcufinder\plugins\mcufinder/ => C:\Users\kolya\.stmcufinder\plugins\mcufinder
2021-03-28 13:22:53,284 [INFO] DbBoardsJson:58 - Set database path to: C:\Users\kolya\.stmcufinder\plugins\mcufinder//mcu/
2021-03-28 13:22:53,284 [WARN] DbFile:35 - Overriding database path with different value: C:\Users\kolya\.stmcufinder\plugins\mcufinder/ => C:\Users\kolya\.stmcufinder\plugins\mcufinder
2021-03-28 13:22:53,284 [WARN] DbFile:35 - Overriding database path with different value: C:\Users\kolya\.stmcufinder\plugins\mcufinder/ => C:\Users\kolya\.stmcufinder\plugins\mcufinder
2021-03-28 13:22:53,284 [INFO] CrossReferenceDbSqlite:196 - Set database path to: C:\Users\kolya\.stmcufinder\plugins\mcufinder//mcu/cs/
2021-03-28 13:22:53,284 [WARN] DbFile:35 - Overriding database path with different value: C:\Users\kolya\.stmcufinder\plugins\mcufinder/ => C:\Users\kolya\.stmcufinder\plugins\mcufinder
2021-03-28 13:22:53,284 [INFO] DbExamplesSqlite:690 - Set database path to: C:\Users\kolya\.stmcufinder\plugins\mcufinder//mcu/
2021-03-28 13:22:53,407 [INFO] MainPanel:204 - HeapMemory: 325058560
2021-03-28 13:22:53,479 [INFO] DbMcusXml:74 - Set database path to: C:\ST\STM32CubeIDE_1.6.0\STM32CubeIDE\plugins\com.st.stm32cube.common.mx_6.2.0.202102191602\\db\/mcu/
2021-03-28 13:22:53,480 [INFO] DbBoardsPdsc:56 - Set plugin database path to: C:\ST\STM32CubeIDE_1.6.0\STM32CubeIDE\plugins\com.st.stm32cube.common.mx_6.2.0.202102191602\\db\/plugins/boardmanager/
2021-03-28 13:22:53,480 [INFO] DbMcus:258 - Set plugin images path to: C:\ST\STM32CubeIDE_1.6.0\STM32CubeIDE\plugins\com.st.stm32cube.common.mx_6.2.0.202102191602\\db\/plugins/mcufinder/images/
2021-03-28 13:22:53,480 [INFO] DbBoards:264 - Set plugin images path to: C:\ST\STM32CubeIDE_1.6.0\STM32CubeIDE\plugins\com.st.stm32cube.common.mx_6.2.0.202102191602\\db\/plugins/mcufinder/images/
2021-03-28 13:22:53,480 [INFO] DbExamples:333 - Set plugin images path to: C:\ST\STM32CubeIDE_1.6.0\STM32CubeIDE\plugins\com.st.stm32cube.common.mx_6.2.0.202102191602\\db\/plugins/mcufinder/images/
2021-03-28 13:22:53,481 [WARN] DbFile:35 - Overriding database path with different value: C:\Users\kolya\.stmcufinder\plugins\mcufinder/ => C:\Users\kolya\.stmcufinder\plugins\mcufinder
2021-03-28 13:22:53,481 [INFO] DbMcusAds:85 - Set database path to: C:\Users\kolya\.stmcufinder\plugins\mcufinder//mcu/
2021-03-28 13:22:53,481 [WARN] DbFile:35 - Overriding database path with different value: C:\Users\kolya\.stmcufinder\plugins\mcufinder/ => C:\Users\kolya\.stmcufinder\plugins\mcufinder
2021-03-28 13:22:53,481 [INFO] DbMcusDocs:110 - Set database path to: C:\Users\kolya\.stmcufinder\plugins\mcufinder//mcu/
2021-03-28 13:22:53,481 [WARN] DbFile:35 - Overriding database path with different value: C:\Users\kolya\.stmcufinder\plugins\mcufinder/ => C:\Users\kolya\.stmcufinder\plugins\mcufinder
2021-03-28 13:22:53,481 [INFO] DbMcusJson:65 - Set database path to: C:\Users\kolya\.stmcufinder\plugins\mcufinder//mcu/
2021-03-28 13:22:53,481 [WARN] DbFile:35 - Overriding database path with different value: C:\Users\kolya\.stmcufinder\plugins\mcufinder/ => C:\Users\kolya\.stmcufinder\plugins\mcufinder
2021-03-28 13:22:53,481 [INFO] DbBoardsDocs:110 - Set database path to: C:\Users\kolya\.stmcufinder\plugins\mcufinder//mcu/
2021-03-28 13:22:53,481 [WARN] DbFile:35 - Overriding database path with different value: C:\Users\kolya\.stmcufinder\plugins\mcufinder/ => C:\Users\kolya\.stmcufinder\plugins\mcufinder
2021-03-28 13:22:53,481 [INFO] DbBoardsJson:58 - Set database path to: C:\Users\kolya\.stmcufinder\plugins\mcufinder//mcu/
2021-03-28 13:22:53,482 [WARN] DbFile:35 - Overriding database path with different value: C:\Users\kolya\.stmcufinder\plugins\mcufinder/ => C:\Users\kolya\.stmcufinder\plugins\mcufinder
2021-03-28 13:22:53,482 [WARN] DbFile:35 - Overriding database path with different value: C:\Users\kolya\.stmcufinder\plugins\mcufinder/ => C:\Users\kolya\.stmcufinder\plugins\mcufinder
2021-03-28 13:22:53,482 [INFO] CrossReferenceDbSqlite:196 - Set database path to: C:\Users\kolya\.stmcufinder\plugins\mcufinder//mcu/cs/
2021-03-28 13:22:53,482 [WARN] DbFile:35 - Overriding database path with different value: C:\Users\kolya\.stmcufinder\plugins\mcufinder/ => C:\Users\kolya\.stmcufinder\plugins\mcufinder
2021-03-28 13:22:53,482 [INFO] DbExamplesSqlite:690 - Set database path to: C:\Users\kolya\.stmcufinder\plugins\mcufinder//mcu/
2021-03-28 13:22:53,501 [INFO] ApplicationProperties:181 - Using Application install path: C:\ST\STM32CubeIDE_1.6.0\STM32CubeIDE\plugins\com.st.stm32cube.common.mx_6.2.0.202102191602
2021-03-28 13:22:53,502 [INFO] PluginManage:178 - Search for loadable plugins [exclusion list=, ]
2021-03-28 13:22:53,504 [INFO] PluginManage:292 - Check plugin analytics
2021-03-28 13:23:02,731 [INFO] AnalyticsPlugin:233 - Accepted Software Licenses: 
2021-03-28 13:23:02,731 [INFO] AnalyticsPlugin:235 - Accepted CMSIS Pack Licenses: 
2021-03-28 13:23:02,731 [INFO] AnalyticsPlugin:237 - Accepted Firmware Licenses: 
2021-03-28 13:23:02,732 [INFO] PluginManage:342 - Loaded plugin analytics (category:tool,tabindex:-1)
2021-03-28 13:23:02,732 [INFO] PluginManage:292 - Check plugin clock
2021-03-28 13:23:02,753 [INFO] PluginManage:342 - Loaded plugin clock (category:base,tabindex:2)
2021-03-28 13:23:02,753 [INFO] PluginManage:292 - Check plugin ddr
2021-03-28 13:23:02,756 [INFO] PluginManage:342 - Loaded plugin ddr (category:tool,tabindex:6)
2021-03-28 13:23:02,756 [INFO] PluginManage:292 - Check plugin filemanager
2021-03-28 13:23:02,869 [INFO] PluginManage:342 - Loaded plugin filemanager (category:base,tabindex:10)
2021-03-28 13:23:02,870 [INFO] PluginManage:292 - Check plugin ipmanager
2021-03-28 13:23:02,886 [INFO] PluginManage:342 - Loaded plugin ipmanager (category:base,tabindex:5)
2021-03-28 13:23:02,887 [INFO] PluginManage:292 - Check plugin pinoutandconfiguration
2021-03-28 13:23:02,904 [INFO] PluginManage:342 - Loaded plugin pinoutandconfiguration (category:base,tabindex:1)
2021-03-28 13:23:02,904 [INFO] PluginManage:292 - Check plugin pinoutconfig
2021-03-28 13:23:02,948 [INFO] PluginManage:342 - Loaded plugin pinoutconfig (category:base,tabindex:0)
2021-03-28 13:23:02,948 [INFO] PluginManage:292 - Check plugin power
2021-03-28 13:23:02,968 [INFO] PluginManage:342 - Loaded plugin power (category:power,tabindex:4)
2021-03-28 13:23:02,968 [INFO] PluginManage:292 - Check plugin projectmanager
2021-03-28 13:23:02,984 [INFO] PluginManage:342 - Loaded plugin projectmanager (category:projectmanager,tabindex:3)
2021-03-28 13:23:02,984 [INFO] PluginManage:292 - Check plugin thirdparty
2021-03-28 13:23:03,211 [INFO] PluginManage:342 - Loaded plugin thirdparty (category:base,tabindex:-1)
2021-03-28 13:23:03,211 [INFO] PluginManage:292 - Check plugin tools
2021-03-28 13:23:03,211 [WARN] IntegrityCheckThread:59 - waiting for thirdparty lock release [integrity check]
2021-03-28 13:23:03,212 [INFO] IntegrityCheckThread:61 - entering critical section [integrity check]
2021-03-28 13:23:03,212 [INFO] ThirdPartyUpdaterWithRetryManager:56 - Updater plugin not ready yet. [1/15]
2021-03-28 13:23:03,263 [INFO] PluginManage:342 - Loaded plugin tools (category:base,tabindex:7)
2021-03-28 13:23:03,263 [INFO] PluginManage:292 - Check plugin tutovideos
2021-03-28 13:23:03,482 [INFO] PluginManage:342 - Loaded plugin tutovideos (category:base,tabindex:-1)
2021-03-28 13:23:03,482 [INFO] PluginManage:292 - Check plugin updater
2021-03-28 13:23:03,492 [INFO] PluginManage:342 - Loaded plugin updater (category:base,tabindex:12)
2021-03-28 13:23:03,493 [INFO] PluginManage:265 - PluginManage : Loaded plugins [13]
2021-03-28 13:23:03,745 [INFO] PinOutPanel:1435 - setPackage(No Configuration,No Configuration)
2021-03-28 13:23:03,901 [INFO] IPUIPlugin:64 - create IPUIPlugin
2021-03-28 13:23:03,901 [INFO] PluginManager:203 - loadIPPluginJar : add adc
2021-03-28 13:23:03,934 [INFO] IPUIPlugin:64 - create IPUIPlugin
2021-03-28 13:23:03,934 [INFO] PluginManager:203 - loadIPPluginJar : add aes
2021-03-28 13:23:03,976 [INFO] IPUIPlugin:64 - create IPUIPlugin
2021-03-28 13:23:03,976 [INFO] PluginManager:203 - loadIPPluginJar : add can
2021-03-28 13:23:04,003 [INFO] IPUIPlugin:64 - create IPUIPlugin
2021-03-28 13:23:04,003 [INFO] PluginManager:203 - loadIPPluginJar : add comp
2021-03-28 13:23:04,035 [INFO] IPUIPlugin:64 - create IPUIPlugin
2021-03-28 13:23:04,035 [INFO] PluginManager:203 - loadIPPluginJar : add cryp
2021-03-28 13:23:04,068 [INFO] IPUIPlugin:64 - create IPUIPlugin
2021-03-28 13:23:04,068 [INFO] PluginManager:203 - loadIPPluginJar : add dfsdm
2021-03-28 13:23:04,081 [INFO] IPUIPlugin:64 - create IPUIPlugin
2021-03-28 13:23:04,082 [INFO] PluginManager:203 - loadIPPluginJar : add dma
2021-03-28 13:23:04,107 [INFO] IPUIPlugin:64 - create IPUIPlugin
2021-03-28 13:23:04,108 [INFO] PluginManager:203 - loadIPPluginJar : add fatfs
2021-03-28 13:23:04,156 [INFO] IPUIPlugin:64 - create IPUIPlugin
2021-03-28 13:23:04,156 [INFO] PluginManager:203 - loadIPPluginJar : add fmc
2021-03-28 13:23:04,171 [INFO] IPUIPlugin:64 - create IPUIPlugin
2021-03-28 13:23:04,171 [INFO] PluginManager:203 - loadIPPluginJar : add freertos
2021-03-28 13:23:04,196 [INFO] IPUIPlugin:64 - create IPUIPlugin
2021-03-28 13:23:04,196 [INFO] PluginManager:203 - loadIPPluginJar : add genericplugin
2021-03-28 13:23:04,280 [INFO] IPUIPlugin:64 - create IPUIPlugin
2021-03-28 13:23:04,280 [INFO] PluginManager:203 - loadIPPluginJar : add gfxmmu
2021-03-28 13:23:04,392 [INFO] IPUIPlugin:64 - create IPUIPlugin
2021-03-28 13:23:04,392 [INFO] PluginManager:203 - loadIPPluginJar : add gic
2021-03-28 13:23:04,405 [INFO] IPUIPlugin:64 - create IPUIPlugin
2021-03-28 13:23:04,406 [INFO] PluginManager:203 - loadIPPluginJar : add gpio
2021-03-28 13:23:04,470 [INFO] IPUIPlugin:64 - create IPUIPlugin
2021-03-28 13:23:04,471 [INFO] PluginManager:203 - loadIPPluginJar : add gtzc
2021-03-28 13:23:04,501 [INFO] IPUIPlugin:64 - create IPUIPlugin
2021-03-28 13:23:04,502 [INFO] PluginManager:203 - loadIPPluginJar : add hash
2021-03-28 13:23:04,550 [INFO] IPUIPlugin:64 - create IPUIPlugin
2021-03-28 13:23:04,551 [INFO] PluginManager:203 - loadIPPluginJar : add i2c
2021-03-28 13:23:04,591 [INFO] IPUIPlugin:64 - create IPUIPlugin
2021-03-28 13:23:04,591 [INFO] PluginManager:203 - loadIPPluginJar : add i2s
2021-03-28 13:23:04,602 [INFO] IPUIPlugin:64 - create IPUIPlugin
2021-03-28 13:23:04,602 [INFO] PluginManager:203 - loadIPPluginJar : add ipddr
2021-03-28 13:23:04,639 [INFO] IPUIPlugin:64 - create IPUIPlugin
2021-03-28 13:23:04,640 [INFO] PluginManager:203 - loadIPPluginJar : add lorawan
2021-03-28 13:23:04,688 [INFO] IPUIPlugin:64 - create IPUIPlugin
2021-03-28 13:23:04,688 [INFO] PluginManager:203 - loadIPPluginJar : add ltdc
2021-03-28 13:23:04,700 [INFO] IPUIPlugin:64 - create IPUIPlugin
2021-03-28 13:23:04,701 [INFO] PluginManager:203 - loadIPPluginJar : add mdma
2021-03-28 13:23:04,713 [INFO] IPUIPlugin:64 - create IPUIPlugin
2021-03-28 13:23:04,713 [INFO] PluginManager:203 - loadIPPluginJar : add nvic
2021-03-28 13:23:04,752 [INFO] IPUIPlugin:64 - create IPUIPlugin
2021-03-28 13:23:04,753 [INFO] PluginManager:203 - loadIPPluginJar : add opamp
2021-03-28 13:23:04,813 [INFO] IPUIPlugin:64 - create IPUIPlugin
2021-03-28 13:23:04,813 [INFO] PluginManager:203 - loadIPPluginJar : add openamp
2021-03-28 13:23:04,856 [INFO] IPUIPlugin:64 - create IPUIPlugin
2021-03-28 13:23:04,856 [INFO] PluginManager:203 - loadIPPluginJar : add pdm2pcm
2021-03-28 13:23:04,872 [INFO] IPUIPlugin:64 - create IPUIPlugin
2021-03-28 13:23:04,875 [INFO] PluginManager:203 - loadIPPluginJar : add plateformsettings
2021-03-28 13:23:04,900 [INFO] IPUIPlugin:64 - create IPUIPlugin
2021-03-28 13:23:04,901 [INFO] PluginManager:203 - loadIPPluginJar : add quadspi
2021-03-28 13:23:04,912 [INFO] IPUIPlugin:64 - create IPUIPlugin
2021-03-28 13:23:04,913 [INFO] PluginManager:203 - loadIPPluginJar : add resmgrutility
2021-03-28 13:23:04,961 [INFO] IPUIPlugin:64 - create IPUIPlugin
2021-03-28 13:23:04,961 [INFO] PluginManager:203 - loadIPPluginJar : add sai
2021-03-28 13:23:04,999 [INFO] IPUIPlugin:64 - create IPUIPlugin
2021-03-28 13:23:05,000 [INFO] PluginManager:203 - loadIPPluginJar : add spi
2021-03-28 13:23:05,050 [INFO] IPUIPlugin:64 - create IPUIPlugin
2021-03-28 13:23:05,051 [INFO] PluginManager:203 - loadIPPluginJar : add stm32_wpan
2021-03-28 13:23:05,078 [INFO] IPUIPlugin:64 - create IPUIPlugin
2021-03-28 13:23:05,079 [INFO] PluginManager:203 - loadIPPluginJar : add tim
2021-03-28 13:23:05,135 [INFO] IPUIPlugin:64 - create IPUIPlugin
2021-03-28 13:23:05,136 [INFO] PluginManager:203 - loadIPPluginJar : add touchsensing
2021-03-28 13:23:05,162 [INFO] IPUIPlugin:64 - create IPUIPlugin
2021-03-28 13:23:05,163 [INFO] PluginManager:203 - loadIPPluginJar : add tracer_emb
2021-03-28 13:23:05,191 [INFO] IPUIPlugin:64 - create IPUIPlugin
2021-03-28 13:23:05,191 [INFO] PluginManager:203 - loadIPPluginJar : add ts
2021-03-28 13:23:05,219 [INFO] IPUIPlugin:64 - create IPUIPlugin
2021-03-28 13:23:05,219 [INFO] PluginManager:203 - loadIPPluginJar : add tsc
2021-03-28 13:23:05,244 [INFO] IPUIPlugin:64 - create IPUIPlugin
2021-03-28 13:23:05,245 [INFO] PluginManager:203 - loadIPPluginJar : add ucpd
2021-03-28 13:23:05,288 [INFO] IPUIPlugin:64 - create IPUIPlugin
2021-03-28 13:23:05,288 [INFO] PluginManager:203 - loadIPPluginJar : add usart
2021-03-28 13:23:05,617 [FATAL] Updater:284 - Updater called before beeing initialized
2021-03-28 13:23:05,766 [FATAL] Updater:284 - Updater called before beeing initialized
2021-03-28 13:23:05,776 [INFO] DbMcusAds:132 - JSON generation date=Thu Feb 11 16:55:24 EET 2021 (1613055324029)
2021-03-28 13:23:05,777 [FATAL] Updater:284 - Updater called before beeing initialized
2021-03-28 13:23:05,837 [WARN] DetailPanel:315 - Failed to get advertising image, set to default
2021-03-28 13:23:06,094 [FATAL] Updater:284 - Updater called before beeing initialized
2021-03-28 13:23:06,096 [FATAL] Updater:284 - Updater called before beeing initialized
2021-03-28 13:23:06,096 [FATAL] Updater:284 - Updater called before beeing initialized
2021-03-28 13:23:06,096 [WARN] DetailPanel:315 - Failed to get advertising image, set to default
2021-03-28 13:23:06,097 [FATAL] Updater:284 - Updater called before beeing initialized
2021-03-28 13:23:06,158 [FATAL] Updater:284 - Updater called before beeing initialized
2021-03-28 13:23:06,158 [WARN] ThirdParty:796 - waiting for thirdparty lock release [close project]
2021-03-28 13:23:06,218 [INFO] ThirdPartyUpdaterWithRetryManager:56 - Updater plugin not ready yet. [2/15]
2021-03-28 13:23:09,233 [FATAL] Updater:284 - Updater called before beeing initialized
2021-03-28 13:23:09,233 [ERROR] AbstractThirdPartyUpdaterManager:153 - class java.lang.Integer cannot be cast to class java.util.List (java.lang.Integer and java.util.List are in module java.base of loader 'bootstrap')
2021-03-28 13:23:09,233 [INFO] ThirdParty:900 - Integrity check success = false
2021-03-28 13:23:09,233 [INFO] IntegrityCheckThread:75 - exiting critical section [integrity check]
2021-03-28 13:23:09,233 [INFO] IntegrityCheckThread:78 - End integrity checks thread
2021-03-28 13:23:09,233 [INFO] ThirdParty:798 - entering critical section [close project]
2021-03-28 13:23:09,235 [INFO] ThirdParty:809 - exiting critical section [close project]
2021-03-28 13:23:09,237 [INFO] PinOutPanel:1435 - setPackage(No Configuration,No Configuration)
2021-03-28 13:23:09,238 [FATAL] Updater:284 - Updater called before beeing initialized
2021-03-28 13:23:09,252 [INFO] Updater:1002 - Updater Version found : 6.2.0
2021-03-28 13:23:09,269 [INFO] ApplicationProperties:181 - Using Application install path: C:\ST\STM32CubeIDE_1.6.0\STM32CubeIDE\plugins\com.st.stm32cube.common.mx_6.2.0.202102191602
2021-03-28 13:23:09,431 [INFO] MainUpdater:2661 - connection check result : 10
2021-03-28 13:23:09,431 [INFO] MainUpdater:3349 - Updater definition file requires update
2021-03-28 13:23:09,432 [INFO] MainUpdater:255 - Updater Check For Update Now.
2021-03-28 13:23:09,432 [INFO] MicroXplorer:472 - Change Database Version : DB.6.0.20
2021-03-28 13:23:09,487 [INFO] ServerAccessManage:348 - Download File updaters.zip
2021-03-28 13:23:09,599 [INFO] FileExtend:225 - Unzip File : updaters.zip
2021-03-28 13:23:09,599 [INFO] FileExtend:240 - Standard Zip Deflate
2021-03-28 13:23:11,320 [INFO] ServerAccessManage:348 - Download File PacksControlFlags.xml
2021-03-28 13:23:11,387 [INFO] ServerAccessManage:348 - Download File cubemx.pidx
2021-03-28 13:23:11,591 [INFO] ServerAccessManage:348 - Download File STMicroelectronics.X-CUBE-AI.pdsc
2021-03-28 13:23:12,100 [INFO] ServerAccessManage:348 - Download File STMicroelectronics.X-CUBE-MEMS1.pdsc
2021-03-28 13:23:12,847 [WARN] PackLoader:226 - Cannot read IP mode file for STMicroelectronics.X-CUBE-AI.6.0.0
2021-03-28 13:23:12,852 [INFO] CheckServerUpdateThread:102 - End of CheckServer Thread
2021-03-28 13:23:12,912 [WARN] PackLoader:226 - Cannot read IP mode file for STMicroelectronics.X-CUBE-MEMS1.8.2.0
2021-03-28 13:23:12,928 [INFO] MainUpdater:2661 - connection check result : 10
2021-03-28 13:23:13,069 [INFO] PopulateThirdPartyThread:50 - Ending populate Thread
2021-03-28 13:23:13,070 [INFO] ThirdParty:952 - CMSIS Pack Vendor :STMicroelectronics X-CUBE-MEMS1 8.2.0
2021-03-28 13:23:13,070 [INFO] ThirdParty:952 - CMSIS Pack Vendor :STMicroelectronics X-CUBE-AI 6.0.0
2021-03-28 13:23:13,070 [INFO] LoadServerUpdatesThread:329 - End of LoadServerUpdate Thread
2021-03-28 13:23:13,372 [INFO] CrossSelectorPresenter:1330 - Cross Selector saved comparison directory: C:\Users\kolya\.stmcufinder\plugins\mcufinder\mcu\cs_comparisons_mx
2021-03-28 13:23:13,377 [INFO] MultiScanPanel:200 - Auto-refresh data requested => check proxy status ongoing
2021-03-28 13:23:13,379 [INFO] FinderPluginLoader:87 - Searching for filters in installed packs
2021-03-28 13:23:13,380 [INFO] DbMcusXml:100 - Load MCU database from C:\ST\STM32CubeIDE_1.6.0\STM32CubeIDE\plugins\com.st.stm32cube.common.mx_6.2.0.202102191602\\db\/mcu/families.xml
2021-03-28 13:23:14,040 [INFO] DbMcusJson:94 - JSON generation date=Mon Feb 08 15:35:07 EET 2021 (1612791307)
2021-03-28 13:23:14,604 [INFO] DbMcus:175 - Found 1906 MCUs (1866 are supported by CubeMX, 1866 are visible in CubeMX)
2021-03-28 13:23:14,607 [INFO] ApiDb:251 - Load user favorites file C:\Users\kolya/.stm32cubeide/favorites.mcus.txt: 0 item(s)
2021-03-28 13:23:14,607 [INFO] ApiDb:255 - User favorites MCUs=[]
2021-03-28 13:23:14,607 [INFO] DbMcus:187 - Set 0 / 0 favorites MCUs
2021-03-28 13:23:15,063 [WARN] DetailPanel:315 - Failed to get advertising image, set to default
2021-03-28 13:23:15,494 [INFO] DbBoardsPdsc:90 - Found 24 items
2021-03-28 13:23:15,503 [INFO] DbBoardsPdsc:90 - Found 9 items
2021-03-28 13:23:15,514 [INFO] DbBoardsPdsc:90 - Found 33 items
2021-03-28 13:23:15,522 [INFO] DbBoardsPdsc:90 - Found 1 items
2021-03-28 13:23:15,536 [INFO] DbBoardsPdsc:90 - Found 46 items
2021-03-28 13:23:15,552 [INFO] DbBoardsPdsc:90 - Found 41 items
2021-03-28 13:23:15,560 [INFO] DbBoardsPdsc:90 - Found 2 items
2021-03-28 13:23:15,568 [INFO] DbBoardsPdsc:90 - Found 5 items
2021-03-28 13:23:15,571 [WARN] DbBoardsPdsc:254 - Board NUCLEO-WB15CC: unknown feature type=, name=, username=Three user LEDs, n=1
2021-03-28 13:23:15,571 [WARN] DbBoardsPdsc:254 - Board NUCLEO-WB15CC: unknown feature type=, name=, username=One reset and three user push-buttons, n=1
2021-03-28 13:23:15,571 [WARN] DbBoardsPdsc:254 - Board NUCLEO-WB15CC: unknown feature type=, name=, username=Arduino Uno V3 expansion connector, n=1
2021-03-28 13:23:15,571 [WARN] DbBoardsPdsc:254 - Board NUCLEO-WB15CC: unknown feature type=, name=, username=ST morpho extension pin headers for full access to all STM32WB I/Os, n=1
2021-03-28 13:23:15,571 [WARN] DbBoardsPdsc:254 - Board NUCLEO-WB15CC: unknown feature type=, name=, username=Integrated PCB antenna and SMA connector footprint, n=1
2021-03-28 13:23:15,571 [WARN] DbBoardsPdsc:254 - Board NUCLEO-WB15CC: unknown feature type=, name=, username=Flexible power-supply options: ST-LINK, USB VBUS, or external sources, n=1
2021-03-28 13:23:15,571 [WARN] DbBoardsPdsc:254 - Board NUCLEO-WB15CC: unknown feature type=, name=, username=On-board footprint to mount a CR2032 battery socket, n=1
2021-03-28 13:23:15,571 [WARN] DbBoardsPdsc:254 - Board NUCLEO-WB15CC: unknown feature type=, name=, username=On-board ST-LINK/V2-1 debugger/programmer with USB re-enumeration capability: mass storage, Virtual COM port, and debug port, n=1
2021-03-28 13:23:15,571 [WARN] DbBoardsPdsc:254 - Board NUCLEO-WB15CC: unknown feature type=, name=, username=Comprehensive free software libraries and examples available with the STM32CubeWB MCU Package, n=1
2021-03-28 13:23:15,571 [WARN] DbBoardsPdsc:254 - Board NUCLEO-WB15CC: unknown feature type=, name=, username=Support of a wide choice of Integrated Development Environments (IDEs) including IAR Embedded Workbench, MDK-ARM, STM32CubeIDE, and Mbed Studio, n=1
2021-03-28 13:23:15,573 [WARN] DbBoardsPdsc:254 - Board STM32H7B3I-DK: unknown feature type=Audio, name=, username=Audio stereo codec with Headphone Amp (CS42L51-CNZ), n=1
2021-03-28 13:23:15,574 [WARN] DbBoardsPdsc:254 - Board STM32H735G-DK: unknown feature type=Audio, name=, username=Audio stereo codec with Headphone Amp (WM8994ECS/R), n=1
2021-03-28 13:23:15,574 [WARN] DbBoardsPdsc:254 - Board STM32WB5MM-DK: unknown feature type=, name=, username=Time-of-Flight and gesture-detection sensor, n=1
2021-03-28 13:23:15,574 [WARN] DbBoardsPdsc:254 - Board STM32WB5MM-DK: unknown feature type=, name=, username=3 push-buttons (2 users and 1 reset) and 1 touch key button, n=1
2021-03-28 13:23:15,574 [WARN] DbBoardsPdsc:254 - Board STM32WB5MM-DK: unknown feature type=, name=, username=Flexible power-supply options: ST-LINK/V2-1 USB connector, 5 V delivered by ARDUINO® or external connector, USB charger, or USB power, n=1
2021-03-28 13:23:15,574 [WARN] DbBoardsPdsc:254 - Board STM32WB5MM-DK: unknown feature type=, name=, username=On-board ST-LINK/V2-1 debugger/programmer with USB re-enumeration capability: Virtual COM port and debug port, n=1
2021-03-28 13:23:15,574 [WARN] DbBoardsPdsc:254 - Board STM32WB5MM-DK: unknown feature type=, name=, username=Comprehensive free software libraries and examples available with the STM32CubeWB MCU Package, n=1
2021-03-28 13:23:15,574 [WARN] DbBoardsPdsc:254 - Board STM32WB5MM-DK: unknown feature type=, name=, username=Support of a wide choice of Integrated Development Environments (IDEs) including IAR Embedded Workbench®, MDK-ARM, and STM32CubeIDE, n=1
2021-03-28 13:23:15,576 [WARN] DbBoardsPdsc:254 - Board STM32H7B3I-EVAL: unknown feature type=Audio, name=, username=Multi-Channel Audio Codec (CS42L51-CNZ), n=1
2021-03-28 13:23:15,576 [WARN] DbBoardsPdsc:254 - Board STM32H7B3I-EVAL: unknown feature type=Meter, name=, username=Power-metering and Temperature-monitoring with sigma-delta modulators, n=1
2021-03-28 13:23:15,576 [WARN] DbBoardsPdsc:254 - Board STM32H7B3I-EVAL: unknown feature type=Motor, name=, username=Motor Control, n=1
2021-03-28 13:23:15,597 [INFO] DbBoardsJson:87 - JSON generation date=Thu Feb 04 18:53:45 EET 2021 (1612457625)
2021-03-28 13:23:15,604 [INFO] DbBoards:117 - Found 161 boards (158 are supported by CubeMX)
2021-03-28 13:23:15,621 [INFO] DbBoardsDocs:143 - JSON generation date=Mon Feb 08 15:35:07 EET 2021 (1612791307)
2021-03-28 13:23:15,641 [INFO] DbBoardsDocs:79 - Found 193 boards documents
2021-03-28 13:23:15,641 [WARN] DbBoards:127 - board B-L462E-CELL1 has no document id list !
2021-03-28 13:23:15,641 [WARN] DbBoards:127 - board B-L475E-IOT01A2 has no document id list !
2021-03-28 13:23:15,643 [WARN] DbBoards:127 - board NUCLEO-G0B1RE has no document id list !
2021-03-28 13:23:15,643 [WARN] DbBoards:127 - board NUCLEO-H743ZI2 has no document id list !
2021-03-28 13:23:15,644 [WARN] DbBoards:127 - board NUCLEO-L4A6ZG has no document id list !
2021-03-28 13:23:15,644 [WARN] DbBoards:127 - board NUCLEO-WB15CC has no document id list !
2021-03-28 13:23:15,644 [WARN] DbBoards:127 - board NUCLEO-WB55RG has no document id list !
2021-03-28 13:23:15,644 [WARN] DbBoards:127 - board NUCLEO-WL55JC2 has no document id list !
2021-03-28 13:23:15,644 [WARN] DbBoards:127 - board P-NUCLEO-WB55-Nucleo has no document id list !
2021-03-28 13:23:15,644 [WARN] DbBoards:127 - board P-NUCLEO-WB55-USBDongle has no document id list !
2021-03-28 13:23:15,644 [WARN] DbBoards:127 - board STEVAL-BFA001V1B has no document id list !
2021-03-28 13:23:15,644 [WARN] DbBoards:127 - board STEVAL-BFA001V2B has no document id list !
2021-03-28 13:23:15,644 [WARN] DbBoards:127 - board STEVAL-IDP005V1 has no document id list !
2021-03-28 13:23:15,644 [WARN] DbBoards:127 - board STEVAL-IDP005V2 has no document id list !
2021-03-28 13:23:15,645 [WARN] DbBoards:127 - board STEVAL-MKSBOX1V1 has no document id list !
2021-03-28 13:23:15,645 [WARN] DbBoards:127 - board STEVAL-STWINKT1 has no document id list !
2021-03-28 13:23:15,645 [WARN] DbBoards:127 - board STEVAL-STWINKT1B has no document id list !
2021-03-28 13:23:15,645 [WARN] DbBoards:127 - board STM32F401C-DISCO has no document id list !
2021-03-28 13:23:15,646 [WARN] DbBoards:127 - board STM32F769I-DISC1 has no document id list !
2021-03-28 13:23:15,646 [WARN] DbBoards:127 - board STM32G0C1E-EV has no document id list !
2021-03-28 13:23:15,646 [WARN] DbBoards:127 - board STM32G474E-EVAL1 has no document id list !
2021-03-28 13:23:15,647 [WARN] DbBoards:127 - board STM32H743I-EVAL2 has no document id list !
2021-03-28 13:23:15,647 [WARN] DbBoards:127 - board STM32H747I-DISC1 has no document id list !
2021-03-28 13:23:15,647 [WARN] DbBoards:127 - board STM32H753I-EVAL2 has no document id list !
2021-03-28 13:23:15,647 [WARN] DbBoards:127 - board STM32L-DISCOVERY has no document id list !
2021-03-28 13:23:15,648 [WARN] DbBoards:127 - board STM32MP157A-DK1 has no document id list !
2021-03-28 13:23:15,648 [WARN] DbBoards:127 - board STM32MP157F-DK2 has no document id list !
2021-03-28 13:23:15,648 [WARN] DbBoards:127 - board STM32MP157F-EV1 has no document id list !
2021-03-28 13:23:15,648 [WARN] DbBoards:127 - board STM32WB5MM-DK has no document id list !
2021-03-28 13:23:17,589 [INFO] ApiDb:242 - User favorites file not found: C:\Users\kolya/.stm32cubeide/favorites.boards.txt
2021-03-28 13:23:17,589 [INFO] DbBoards:206 - Set 0 / 0 favorites Boards
2021-03-28 13:23:34,068 [INFO] MultiScanPanel:200 - Auto-refresh data requested => check proxy status ongoing
2021-03-28 13:23:34,121 [WARN] DetailPanel:315 - Failed to get advertising image, set to default
2021-03-28 13:23:40,496 [INFO] MultiScanPanel:200 - Auto-refresh data requested => check proxy status ongoing
2021-03-28 13:23:40,628 [INFO] ApiDb:479 - Connected to CubeFinder SQLite database (C:\Users\kolya\.stmcufinder\plugins\mcufinder\mcu\cube-finder-db.db)
2021-03-28 13:23:41,264 [INFO] DbExamplesSqlite:401 - Ignored 35 examples not supported by CubeIDE
2021-03-28 13:23:41,264 [INFO] DbExamplesSqlite:402 - Found 4966 examples active
2021-03-28 13:23:41,264 [INFO] DbExamplesSqlite:403 - Found 130 examples obsolete
2021-03-28 13:23:41,264 [INFO] DbExamplesSqlite:404 - Found 0 examples under development
2021-03-28 13:23:41,264 [INFO] DbExamplesSqlite:405 - Found 76 examples not building
2021-03-28 13:23:41,284 [INFO] DbExamplesSqlite:104 - CubeFinder database Data Model version=2.1
2021-03-28 13:23:41,284 [INFO] DbExamplesSqlite:105 - CubeFinder database Configuration version=2.16
2021-03-28 13:23:41,284 [INFO] DbExamplesSqlite:106 - CubeFinder database generation date=2021-02-19 (1613729613)
2021-03-28 13:23:41,285 [INFO] DbExamplesSqlite:107 - CubeFinder database FW Pack versions=[STM32Cube_FW_F4_V1.26.0, STM32Cube_FW_F7_V1.16.0, STM32Cube_FW_G0_V1.4.0, STM32Cube_FW_G4_V1.4.0, STM32Cube_FW_H7_V1.9.0, STM32Cube_FW_L5_V1.4.0, STM32Cube_FW_WB_V1.11.0, STM32Cube_FW_WL_V1.0.0, X-CUBE-AZRTOS-H7_V1.0.0, X-CUBE-BLE2_V3.2.0, X-CUBE-GNSS1_V5.2.0]
2021-03-28 13:23:41,285 [INFO] DbExamples:130 - Found 5007 examples
2021-03-28 13:23:41,946 [ERROR] DbExamples:206 - Found 300 examples with invalid data (board or MCU)
2021-03-28 13:23:41,946 [INFO] DbExamples:222 - Found 63 boards with related examples
2021-03-28 13:23:41,958 [INFO] DbExamples:235 - Found 51 MCUs with related examples
2021-03-28 13:23:41,978 [INFO] ApiDb:242 - User favorites file not found: C:\Users\kolya/.stm32cubeide/favorites.examples.txt
2021-03-28 13:23:41,978 [INFO] DbExamples:256 - Set 0 / 0 favorites Examples
2021-03-28 13:23:42,218 [INFO] SoftwarePacks:125 - Found SW pack 'STM32Cube_FW_F4_V1.26.0' up-to-date on disk.
2021-03-28 13:23:42,220 [INFO] SoftwarePacks:121 - Download is needed for SW pack 'STM32Cube_FW_F7_V1.16.0'
2021-03-28 13:23:42,222 [INFO] SoftwarePacks:121 - Download is needed for SW pack 'STM32Cube_FW_G0_V1.4.0'
2021-03-28 13:23:42,224 [INFO] SoftwarePacks:121 - Download is needed for SW pack 'STM32Cube_FW_G4_V1.4.0'
2021-03-28 13:23:42,226 [INFO] SoftwarePacks:121 - Download is needed for SW pack 'STM32Cube_FW_H7_V1.9.0'
2021-03-28 13:23:42,228 [INFO] SoftwarePacks:121 - Download is needed for SW pack 'STM32Cube_FW_L5_V1.4.0'
2021-03-28 13:23:42,230 [INFO] SoftwarePacks:121 - Download is needed for SW pack 'STM32Cube_FW_WB_V1.11.0'
2021-03-28 13:23:42,232 [INFO] SoftwarePacks:121 - Download is needed for SW pack 'STM32Cube_FW_WL_V1.0.0'
2021-03-28 13:23:42,232 [INFO] SoftwarePacks:121 - Download is needed for SW pack 'X-CUBE-AZRTOS-H7_V1.0.0'
2021-03-28 13:23:42,232 [INFO] SoftwarePacks:121 - Download is needed for SW pack 'X-CUBE-BLE2_V3.2.0'
2021-03-28 13:23:42,233 [INFO] SoftwarePacks:121 - Download is needed for SW pack 'X-CUBE-GNSS1_V5.2.0'
2021-03-28 13:23:43,449 [WARN] DetailPanel:315 - Failed to get advertising image, set to default
2021-03-28 13:26:48,877 [INFO] DbMcusDocs:143 - JSON generation date=Mon Feb 08 15:35:07 EET 2021 (1612791307)
2021-03-28 13:26:49,114 [INFO] DbMcusDocs:79 - Found 617 MCUs documents
2021-03-28 13:30:15,473 [INFO] ApiDb:276 - Save user favorites file C:\Users\kolya/.stm32cubeide/favorites.mcus.txt: 0 item(s)
2021-03-28 13:30:15,473 [INFO] ApiDb:280 - User favorites MCUs=[]
2021-03-28 13:30:15,475 [INFO] ApiDb:276 - Save user favorites file C:\Users\kolya/.stm32cubeide/favorites.boards.txt: 0 item(s)
2021-03-28 13:30:15,475 [INFO] ApiDb:280 - User favorites Boards=[]
2021-03-28 13:30:15,477 [INFO] ApiDb:276 - Save user favorites file C:\Users\kolya/.stm32cubeide/favorites.examples.txt: 0 item(s)
2021-03-28 13:30:15,478 [INFO] ApiDb:280 - User favorites Examples=[]
