2021-03-28 13:30:37,333 [INFO] Activator:170 - 


2021-03-28 13:30:37,335 [INFO] Activator:171 - !SESSION log4j initialized
2021-03-28 13:30:40,177 [INFO] McuFinderGlobals:39 - Set McuFinder mode to 2 (CubeIDE integrated)
2021-03-28 13:30:41,965 [INFO] ApplicationProperties:181 - Using Application install path: C:\ST\STM32CubeIDE_1.6.0\STM32CubeIDE\plugins\com.st.stm32cube.common.mx_6.2.0.202102191602
2021-03-28 13:30:41,974 [INFO] DbMcusXml:74 - Set database path to: C:\ST\STM32CubeIDE_1.6.0\STM32CubeIDE\plugins\com.st.stm32cube.common.mx_6.2.0.202102191602\\db\/mcu/
2021-03-28 13:30:41,977 [INFO] DbBoardsPdsc:56 - Set plugin database path to: C:\ST\STM32CubeIDE_1.6.0\STM32CubeIDE\plugins\com.st.stm32cube.common.mx_6.2.0.202102191602\\db\/plugins/boardmanager/
2021-03-28 13:30:41,985 [INFO] DbMcus:258 - Set plugin images path to: C:\ST\STM32CubeIDE_1.6.0\STM32CubeIDE\plugins\com.st.stm32cube.common.mx_6.2.0.202102191602\\db\/plugins/mcufinder/images/
2021-03-28 13:30:41,985 [INFO] DbBoards:264 - Set plugin images path to: C:\ST\STM32CubeIDE_1.6.0\STM32CubeIDE\plugins\com.st.stm32cube.common.mx_6.2.0.202102191602\\db\/plugins/mcufinder/images/
2021-03-28 13:30:41,987 [INFO] DbExamples:333 - Set plugin images path to: C:\ST\STM32CubeIDE_1.6.0\STM32CubeIDE\plugins\com.st.stm32cube.common.mx_6.2.0.202102191602\\db\/plugins/mcufinder/images/
2021-03-28 13:30:41,992 [INFO] DbMcusAds:85 - Set database path to: C:\Users\kolya\.stmcufinder\plugins\mcufinder//mcu/
2021-03-28 13:30:41,992 [INFO] DbMcusDocs:110 - Set database path to: C:\Users\kolya\.stmcufinder\plugins\mcufinder//mcu/
2021-03-28 13:30:41,994 [INFO] DbMcusJson:65 - Set database path to: C:\Users\kolya\.stmcufinder\plugins\mcufinder//mcu/
2021-03-28 13:30:41,995 [INFO] DbBoardsDocs:110 - Set database path to: C:\Users\kolya\.stmcufinder\plugins\mcufinder//mcu/
2021-03-28 13:30:41,996 [INFO] DbBoardsJson:58 - Set database path to: C:\Users\kolya\.stmcufinder\plugins\mcufinder//mcu/
2021-03-28 13:30:41,998 [INFO] CrossReferenceDbSqlite:196 - Set database path to: C:\Users\kolya\.stmcufinder\plugins\mcufinder//mcu/cs/
2021-03-28 13:30:42,000 [INFO] DbExamplesSqlite:690 - Set database path to: C:\Users\kolya\.stmcufinder\plugins\mcufinder//mcu/
2021-03-28 13:30:42,093 [INFO] RulesReader:52 - Compatibility file has been processed (237 Rules)
2021-03-28 13:30:42,220 [INFO] MicroXplorer:622 - Detected Java Version = 11.0.9.1
2021-03-28 13:30:42,221 [INFO] DbMcusXml:74 - Set database path to: C:\ST\STM32CubeIDE_1.6.0\STM32CubeIDE\plugins\com.st.stm32cube.common.mx_6.2.0.202102191602\\db\/mcu/
2021-03-28 13:30:42,221 [INFO] DbBoardsPdsc:56 - Set plugin database path to: C:\ST\STM32CubeIDE_1.6.0\STM32CubeIDE\plugins\com.st.stm32cube.common.mx_6.2.0.202102191602\\db\/plugins/boardmanager/
2021-03-28 13:30:42,221 [INFO] DbMcus:258 - Set plugin images path to: C:\ST\STM32CubeIDE_1.6.0\STM32CubeIDE\plugins\com.st.stm32cube.common.mx_6.2.0.202102191602\\db\/plugins/mcufinder/images/
2021-03-28 13:30:42,222 [INFO] DbBoards:264 - Set plugin images path to: C:\ST\STM32CubeIDE_1.6.0\STM32CubeIDE\plugins\com.st.stm32cube.common.mx_6.2.0.202102191602\\db\/plugins/mcufinder/images/
2021-03-28 13:30:42,222 [INFO] DbExamples:333 - Set plugin images path to: C:\ST\STM32CubeIDE_1.6.0\STM32CubeIDE\plugins\com.st.stm32cube.common.mx_6.2.0.202102191602\\db\/plugins/mcufinder/images/
2021-03-28 13:30:42,222 [WARN] DbFile:35 - Overriding database path with different value: C:\Users\kolya\.stmcufinder\plugins\mcufinder/ => C:\Users\kolya\.stmcufinder\plugins\mcufinder
2021-03-28 13:30:42,222 [INFO] DbMcusAds:85 - Set database path to: C:\Users\kolya\.stmcufinder\plugins\mcufinder//mcu/
2021-03-28 13:30:42,222 [WARN] DbFile:35 - Overriding database path with different value: C:\Users\kolya\.stmcufinder\plugins\mcufinder/ => C:\Users\kolya\.stmcufinder\plugins\mcufinder
2021-03-28 13:30:42,222 [INFO] DbMcusDocs:110 - Set database path to: C:\Users\kolya\.stmcufinder\plugins\mcufinder//mcu/
2021-03-28 13:30:42,222 [WARN] DbFile:35 - Overriding database path with different value: C:\Users\kolya\.stmcufinder\plugins\mcufinder/ => C:\Users\kolya\.stmcufinder\plugins\mcufinder
2021-03-28 13:30:42,222 [INFO] DbMcusJson:65 - Set database path to: C:\Users\kolya\.stmcufinder\plugins\mcufinder//mcu/
2021-03-28 13:30:42,223 [WARN] DbFile:35 - Overriding database path with different value: C:\Users\kolya\.stmcufinder\plugins\mcufinder/ => C:\Users\kolya\.stmcufinder\plugins\mcufinder
2021-03-28 13:30:42,223 [INFO] DbBoardsDocs:110 - Set database path to: C:\Users\kolya\.stmcufinder\plugins\mcufinder//mcu/
2021-03-28 13:30:42,223 [WARN] DbFile:35 - Overriding database path with different value: C:\Users\kolya\.stmcufinder\plugins\mcufinder/ => C:\Users\kolya\.stmcufinder\plugins\mcufinder
2021-03-28 13:30:42,223 [INFO] DbBoardsJson:58 - Set database path to: C:\Users\kolya\.stmcufinder\plugins\mcufinder//mcu/
2021-03-28 13:30:42,223 [WARN] DbFile:35 - Overriding database path with different value: C:\Users\kolya\.stmcufinder\plugins\mcufinder/ => C:\Users\kolya\.stmcufinder\plugins\mcufinder
2021-03-28 13:30:42,223 [WARN] DbFile:35 - Overriding database path with different value: C:\Users\kolya\.stmcufinder\plugins\mcufinder/ => C:\Users\kolya\.stmcufinder\plugins\mcufinder
2021-03-28 13:30:42,223 [INFO] CrossReferenceDbSqlite:196 - Set database path to: C:\Users\kolya\.stmcufinder\plugins\mcufinder//mcu/cs/
2021-03-28 13:30:42,223 [WARN] DbFile:35 - Overriding database path with different value: C:\Users\kolya\.stmcufinder\plugins\mcufinder/ => C:\Users\kolya\.stmcufinder\plugins\mcufinder
2021-03-28 13:30:42,223 [INFO] DbExamplesSqlite:690 - Set database path to: C:\Users\kolya\.stmcufinder\plugins\mcufinder//mcu/
2021-03-28 13:30:42,290 [INFO] MainPanel:204 - HeapMemory: 268435456
2021-03-28 13:30:42,341 [INFO] DbMcusXml:74 - Set database path to: C:\ST\STM32CubeIDE_1.6.0\STM32CubeIDE\plugins\com.st.stm32cube.common.mx_6.2.0.202102191602\\db\/mcu/
2021-03-28 13:30:42,341 [INFO] DbBoardsPdsc:56 - Set plugin database path to: C:\ST\STM32CubeIDE_1.6.0\STM32CubeIDE\plugins\com.st.stm32cube.common.mx_6.2.0.202102191602\\db\/plugins/boardmanager/
2021-03-28 13:30:42,342 [INFO] DbMcus:258 - Set plugin images path to: C:\ST\STM32CubeIDE_1.6.0\STM32CubeIDE\plugins\com.st.stm32cube.common.mx_6.2.0.202102191602\\db\/plugins/mcufinder/images/
2021-03-28 13:30:42,342 [INFO] DbBoards:264 - Set plugin images path to: C:\ST\STM32CubeIDE_1.6.0\STM32CubeIDE\plugins\com.st.stm32cube.common.mx_6.2.0.202102191602\\db\/plugins/mcufinder/images/
2021-03-28 13:30:42,342 [INFO] DbExamples:333 - Set plugin images path to: C:\ST\STM32CubeIDE_1.6.0\STM32CubeIDE\plugins\com.st.stm32cube.common.mx_6.2.0.202102191602\\db\/plugins/mcufinder/images/
2021-03-28 13:30:42,342 [WARN] DbFile:35 - Overriding database path with different value: C:\Users\kolya\.stmcufinder\plugins\mcufinder/ => C:\Users\kolya\.stmcufinder\plugins\mcufinder
2021-03-28 13:30:42,342 [INFO] DbMcusAds:85 - Set database path to: C:\Users\kolya\.stmcufinder\plugins\mcufinder//mcu/
2021-03-28 13:30:42,342 [WARN] DbFile:35 - Overriding database path with different value: C:\Users\kolya\.stmcufinder\plugins\mcufinder/ => C:\Users\kolya\.stmcufinder\plugins\mcufinder
2021-03-28 13:30:42,343 [INFO] DbMcusDocs:110 - Set database path to: C:\Users\kolya\.stmcufinder\plugins\mcufinder//mcu/
2021-03-28 13:30:42,343 [WARN] DbFile:35 - Overriding database path with different value: C:\Users\kolya\.stmcufinder\plugins\mcufinder/ => C:\Users\kolya\.stmcufinder\plugins\mcufinder
2021-03-28 13:30:42,343 [INFO] DbMcusJson:65 - Set database path to: C:\Users\kolya\.stmcufinder\plugins\mcufinder//mcu/
2021-03-28 13:30:42,343 [WARN] DbFile:35 - Overriding database path with different value: C:\Users\kolya\.stmcufinder\plugins\mcufinder/ => C:\Users\kolya\.stmcufinder\plugins\mcufinder
2021-03-28 13:30:42,343 [INFO] DbBoardsDocs:110 - Set database path to: C:\Users\kolya\.stmcufinder\plugins\mcufinder//mcu/
2021-03-28 13:30:42,343 [WARN] DbFile:35 - Overriding database path with different value: C:\Users\kolya\.stmcufinder\plugins\mcufinder/ => C:\Users\kolya\.stmcufinder\plugins\mcufinder
2021-03-28 13:30:42,343 [INFO] DbBoardsJson:58 - Set database path to: C:\Users\kolya\.stmcufinder\plugins\mcufinder//mcu/
2021-03-28 13:30:42,343 [WARN] DbFile:35 - Overriding database path with different value: C:\Users\kolya\.stmcufinder\plugins\mcufinder/ => C:\Users\kolya\.stmcufinder\plugins\mcufinder
2021-03-28 13:30:42,343 [WARN] DbFile:35 - Overriding database path with different value: C:\Users\kolya\.stmcufinder\plugins\mcufinder/ => C:\Users\kolya\.stmcufinder\plugins\mcufinder
2021-03-28 13:30:42,343 [INFO] CrossReferenceDbSqlite:196 - Set database path to: C:\Users\kolya\.stmcufinder\plugins\mcufinder//mcu/cs/
2021-03-28 13:30:42,344 [WARN] DbFile:35 - Overriding database path with different value: C:\Users\kolya\.stmcufinder\plugins\mcufinder/ => C:\Users\kolya\.stmcufinder\plugins\mcufinder
2021-03-28 13:30:42,344 [INFO] DbExamplesSqlite:690 - Set database path to: C:\Users\kolya\.stmcufinder\plugins\mcufinder//mcu/
2021-03-28 13:30:42,360 [INFO] ApplicationProperties:181 - Using Application install path: C:\ST\STM32CubeIDE_1.6.0\STM32CubeIDE\plugins\com.st.stm32cube.common.mx_6.2.0.202102191602
2021-03-28 13:30:42,361 [INFO] PluginManage:178 - Search for loadable plugins [exclusion list=, ]
2021-03-28 13:30:42,362 [INFO] PluginManage:292 - Check plugin analytics
2021-03-28 13:30:48,529 [INFO] AnalyticsPlugin:233 - Accepted Software Licenses: 
2021-03-28 13:30:48,529 [INFO] AnalyticsPlugin:235 - Accepted CMSIS Pack Licenses: 
2021-03-28 13:30:48,529 [INFO] AnalyticsPlugin:237 - Accepted Firmware Licenses: 
2021-03-28 13:30:48,529 [INFO] PluginManage:342 - Loaded plugin analytics (category:tool,tabindex:-1)
2021-03-28 13:30:48,529 [INFO] PluginManage:292 - Check plugin clock
2021-03-28 13:30:48,539 [INFO] PluginManage:342 - Loaded plugin clock (category:base,tabindex:2)
2021-03-28 13:30:48,540 [INFO] PluginManage:292 - Check plugin ddr
2021-03-28 13:30:48,541 [INFO] PluginManage:342 - Loaded plugin ddr (category:tool,tabindex:6)
2021-03-28 13:30:48,542 [INFO] PluginManage:292 - Check plugin filemanager
2021-03-28 13:30:48,652 [INFO] PluginManage:342 - Loaded plugin filemanager (category:base,tabindex:10)
2021-03-28 13:30:48,652 [INFO] PluginManage:292 - Check plugin ipmanager
2021-03-28 13:30:48,662 [INFO] PluginManage:342 - Loaded plugin ipmanager (category:base,tabindex:5)
2021-03-28 13:30:48,662 [INFO] PluginManage:292 - Check plugin pinoutandconfiguration
2021-03-28 13:30:48,670 [INFO] PluginManage:342 - Loaded plugin pinoutandconfiguration (category:base,tabindex:1)
2021-03-28 13:30:48,670 [INFO] PluginManage:292 - Check plugin pinoutconfig
2021-03-28 13:30:48,705 [INFO] PluginManage:342 - Loaded plugin pinoutconfig (category:base,tabindex:0)
2021-03-28 13:30:48,705 [INFO] PluginManage:292 - Check plugin power
2021-03-28 13:30:48,714 [INFO] PluginManage:342 - Loaded plugin power (category:power,tabindex:4)
2021-03-28 13:30:48,714 [INFO] PluginManage:292 - Check plugin projectmanager
2021-03-28 13:30:48,728 [INFO] PluginManage:342 - Loaded plugin projectmanager (category:projectmanager,tabindex:3)
2021-03-28 13:30:48,729 [INFO] PluginManage:292 - Check plugin thirdparty
2021-03-28 13:30:48,833 [INFO] PluginManage:342 - Loaded plugin thirdparty (category:base,tabindex:-1)
2021-03-28 13:30:48,833 [WARN] IntegrityCheckThread:59 - waiting for thirdparty lock release [integrity check]
2021-03-28 13:30:48,833 [INFO] PluginManage:292 - Check plugin tools
2021-03-28 13:30:48,834 [INFO] IntegrityCheckThread:61 - entering critical section [integrity check]
2021-03-28 13:30:48,834 [INFO] ThirdPartyUpdaterWithRetryManager:56 - Updater plugin not ready yet. [1/15]
2021-03-28 13:30:48,836 [INFO] PluginManage:342 - Loaded plugin tools (category:base,tabindex:7)
2021-03-28 13:30:48,836 [INFO] PluginManage:292 - Check plugin tutovideos
2021-03-28 13:30:49,009 [INFO] PluginManage:342 - Loaded plugin tutovideos (category:base,tabindex:-1)
2021-03-28 13:30:49,010 [INFO] PluginManage:292 - Check plugin updater
2021-03-28 13:30:49,018 [INFO] PluginManage:342 - Loaded plugin updater (category:base,tabindex:12)
2021-03-28 13:30:49,018 [INFO] PluginManage:265 - PluginManage : Loaded plugins [13]
2021-03-28 13:30:49,193 [INFO] PinOutPanel:1435 - setPackage(No Configuration,No Configuration)
2021-03-28 13:30:49,298 [INFO] IPUIPlugin:64 - create IPUIPlugin
2021-03-28 13:30:49,298 [INFO] PluginManager:203 - loadIPPluginJar : add adc
2021-03-28 13:30:49,301 [INFO] IPUIPlugin:64 - create IPUIPlugin
2021-03-28 13:30:49,301 [INFO] PluginManager:203 - loadIPPluginJar : add aes
2021-03-28 13:30:49,303 [INFO] IPUIPlugin:64 - create IPUIPlugin
2021-03-28 13:30:49,303 [INFO] PluginManager:203 - loadIPPluginJar : add can
2021-03-28 13:30:49,305 [INFO] IPUIPlugin:64 - create IPUIPlugin
2021-03-28 13:30:49,305 [INFO] PluginManager:203 - loadIPPluginJar : add comp
2021-03-28 13:30:49,307 [INFO] IPUIPlugin:64 - create IPUIPlugin
2021-03-28 13:30:49,307 [INFO] PluginManager:203 - loadIPPluginJar : add cryp
2021-03-28 13:30:49,309 [INFO] IPUIPlugin:64 - create IPUIPlugin
2021-03-28 13:30:49,309 [INFO] PluginManager:203 - loadIPPluginJar : add dfsdm
2021-03-28 13:30:49,314 [INFO] IPUIPlugin:64 - create IPUIPlugin
2021-03-28 13:30:49,314 [INFO] PluginManager:203 - loadIPPluginJar : add dma
2021-03-28 13:30:49,316 [INFO] IPUIPlugin:64 - create IPUIPlugin
2021-03-28 13:30:49,316 [INFO] PluginManager:203 - loadIPPluginJar : add fatfs
2021-03-28 13:30:49,319 [INFO] IPUIPlugin:64 - create IPUIPlugin
2021-03-28 13:30:49,319 [INFO] PluginManager:203 - loadIPPluginJar : add fmc
2021-03-28 13:30:49,324 [INFO] IPUIPlugin:64 - create IPUIPlugin
2021-03-28 13:30:49,325 [INFO] PluginManager:203 - loadIPPluginJar : add freertos
2021-03-28 13:30:49,326 [INFO] IPUIPlugin:64 - create IPUIPlugin
2021-03-28 13:30:49,326 [INFO] PluginManager:203 - loadIPPluginJar : add genericplugin
2021-03-28 13:30:49,328 [INFO] IPUIPlugin:64 - create IPUIPlugin
2021-03-28 13:30:49,328 [INFO] PluginManager:203 - loadIPPluginJar : add gfxmmu
2021-03-28 13:30:49,332 [INFO] IPUIPlugin:64 - create IPUIPlugin
2021-03-28 13:30:49,332 [INFO] PluginManager:203 - loadIPPluginJar : add gic
2021-03-28 13:30:49,336 [INFO] IPUIPlugin:64 - create IPUIPlugin
2021-03-28 13:30:49,336 [INFO] PluginManager:203 - loadIPPluginJar : add gpio
2021-03-28 13:30:49,338 [INFO] IPUIPlugin:64 - create IPUIPlugin
2021-03-28 13:30:49,338 [INFO] PluginManager:203 - loadIPPluginJar : add gtzc
2021-03-28 13:30:49,340 [INFO] IPUIPlugin:64 - create IPUIPlugin
2021-03-28 13:30:49,340 [INFO] PluginManager:203 - loadIPPluginJar : add hash
2021-03-28 13:30:49,342 [INFO] IPUIPlugin:64 - create IPUIPlugin
2021-03-28 13:30:49,342 [INFO] PluginManager:203 - loadIPPluginJar : add i2c
2021-03-28 13:30:49,344 [INFO] IPUIPlugin:64 - create IPUIPlugin
2021-03-28 13:30:49,344 [INFO] PluginManager:203 - loadIPPluginJar : add i2s
2021-03-28 13:30:49,346 [INFO] IPUIPlugin:64 - create IPUIPlugin
2021-03-28 13:30:49,346 [INFO] PluginManager:203 - loadIPPluginJar : add ipddr
2021-03-28 13:30:49,348 [INFO] IPUIPlugin:64 - create IPUIPlugin
2021-03-28 13:30:49,349 [INFO] PluginManager:203 - loadIPPluginJar : add lorawan
2021-03-28 13:30:49,350 [INFO] IPUIPlugin:64 - create IPUIPlugin
2021-03-28 13:30:49,350 [INFO] PluginManager:203 - loadIPPluginJar : add ltdc
2021-03-28 13:30:49,353 [INFO] IPUIPlugin:64 - create IPUIPlugin
2021-03-28 13:30:49,353 [INFO] PluginManager:203 - loadIPPluginJar : add mdma
2021-03-28 13:30:49,356 [INFO] IPUIPlugin:64 - create IPUIPlugin
2021-03-28 13:30:49,356 [INFO] PluginManager:203 - loadIPPluginJar : add nvic
2021-03-28 13:30:49,359 [INFO] IPUIPlugin:64 - create IPUIPlugin
2021-03-28 13:30:49,359 [INFO] PluginManager:203 - loadIPPluginJar : add opamp
2021-03-28 13:30:49,361 [INFO] IPUIPlugin:64 - create IPUIPlugin
2021-03-28 13:30:49,361 [INFO] PluginManager:203 - loadIPPluginJar : add openamp
2021-03-28 13:30:49,364 [INFO] IPUIPlugin:64 - create IPUIPlugin
2021-03-28 13:30:49,364 [INFO] PluginManager:203 - loadIPPluginJar : add pdm2pcm
2021-03-28 13:30:49,369 [INFO] IPUIPlugin:64 - create IPUIPlugin
2021-03-28 13:30:49,372 [INFO] PluginManager:203 - loadIPPluginJar : add plateformsettings
2021-03-28 13:30:49,373 [INFO] IPUIPlugin:64 - create IPUIPlugin
2021-03-28 13:30:49,373 [INFO] PluginManager:203 - loadIPPluginJar : add quadspi
2021-03-28 13:30:49,376 [INFO] IPUIPlugin:64 - create IPUIPlugin
2021-03-28 13:30:49,376 [INFO] PluginManager:203 - loadIPPluginJar : add resmgrutility
2021-03-28 13:30:49,378 [INFO] IPUIPlugin:64 - create IPUIPlugin
2021-03-28 13:30:49,378 [INFO] PluginManager:203 - loadIPPluginJar : add sai
2021-03-28 13:30:49,380 [INFO] IPUIPlugin:64 - create IPUIPlugin
2021-03-28 13:30:49,380 [INFO] PluginManager:203 - loadIPPluginJar : add spi
2021-03-28 13:30:49,384 [INFO] IPUIPlugin:64 - create IPUIPlugin
2021-03-28 13:30:49,384 [INFO] PluginManager:203 - loadIPPluginJar : add stm32_wpan
2021-03-28 13:30:49,385 [INFO] IPUIPlugin:64 - create IPUIPlugin
2021-03-28 13:30:49,385 [INFO] PluginManager:203 - loadIPPluginJar : add tim
2021-03-28 13:30:49,388 [INFO] IPUIPlugin:64 - create IPUIPlugin
2021-03-28 13:30:49,388 [INFO] PluginManager:203 - loadIPPluginJar : add touchsensing
2021-03-28 13:30:49,390 [INFO] IPUIPlugin:64 - create IPUIPlugin
2021-03-28 13:30:49,390 [INFO] PluginManager:203 - loadIPPluginJar : add tracer_emb
2021-03-28 13:30:49,391 [INFO] IPUIPlugin:64 - create IPUIPlugin
2021-03-28 13:30:49,391 [INFO] PluginManager:203 - loadIPPluginJar : add ts
2021-03-28 13:30:49,393 [INFO] IPUIPlugin:64 - create IPUIPlugin
2021-03-28 13:30:49,393 [INFO] PluginManager:203 - loadIPPluginJar : add tsc
2021-03-28 13:30:49,394 [INFO] IPUIPlugin:64 - create IPUIPlugin
2021-03-28 13:30:49,394 [INFO] PluginManager:203 - loadIPPluginJar : add ucpd
2021-03-28 13:30:49,397 [INFO] IPUIPlugin:64 - create IPUIPlugin
2021-03-28 13:30:49,397 [INFO] PluginManager:203 - loadIPPluginJar : add usart
2021-03-28 13:30:49,662 [FATAL] Updater:284 - Updater called before beeing initialized
2021-03-28 13:30:49,777 [FATAL] Updater:284 - Updater called before beeing initialized
2021-03-28 13:30:49,780 [INFO] DbMcusAds:132 - JSON generation date=Thu Feb 11 16:55:24 EET 2021 (1613055324029)
2021-03-28 13:30:49,781 [FATAL] Updater:284 - Updater called before beeing initialized
2021-03-28 13:30:49,816 [WARN] DetailPanel:315 - Failed to get advertising image, set to default
2021-03-28 13:30:50,093 [FATAL] Updater:284 - Updater called before beeing initialized
2021-03-28 13:30:50,095 [FATAL] Updater:284 - Updater called before beeing initialized
2021-03-28 13:30:50,095 [FATAL] Updater:284 - Updater called before beeing initialized
2021-03-28 13:30:50,095 [WARN] DetailPanel:315 - Failed to get advertising image, set to default
2021-03-28 13:30:50,096 [FATAL] Updater:284 - Updater called before beeing initialized
2021-03-28 13:30:50,142 [FATAL] Updater:284 - Updater called before beeing initialized
2021-03-28 13:30:50,143 [WARN] ThirdParty:796 - waiting for thirdparty lock release [close project]
2021-03-28 13:30:51,840 [INFO] ThirdPartyUpdaterWithRetryManager:56 - Updater plugin not ready yet. [2/15]
2021-03-28 13:30:54,841 [FATAL] Updater:284 - Updater called before beeing initialized
2021-03-28 13:30:54,841 [ERROR] AbstractThirdPartyUpdaterManager:153 - class java.lang.Integer cannot be cast to class java.util.List (java.lang.Integer and java.util.List are in module java.base of loader 'bootstrap')
2021-03-28 13:30:54,841 [INFO] ThirdParty:900 - Integrity check success = false
2021-03-28 13:30:54,841 [INFO] IntegrityCheckThread:75 - exiting critical section [integrity check]
2021-03-28 13:30:54,841 [INFO] IntegrityCheckThread:78 - End integrity checks thread
2021-03-28 13:30:54,841 [INFO] ThirdParty:798 - entering critical section [close project]
2021-03-28 13:30:54,842 [INFO] ThirdParty:809 - exiting critical section [close project]
2021-03-28 13:30:54,845 [INFO] PinOutPanel:1435 - setPackage(No Configuration,No Configuration)
2021-03-28 13:30:54,845 [FATAL] Updater:284 - Updater called before beeing initialized
2021-03-28 13:30:54,853 [INFO] Updater:1002 - Updater Version found : 6.2.0
2021-03-28 13:30:54,867 [INFO] ApplicationProperties:181 - Using Application install path: C:\ST\STM32CubeIDE_1.6.0\STM32CubeIDE\plugins\com.st.stm32cube.common.mx_6.2.0.202102191602
2021-03-28 13:30:55,532 [INFO] MainUpdater:2661 - connection check result : 10
2021-03-28 13:30:55,532 [INFO] MainUpdater:255 - Updater Check For Update Now.
2021-03-28 13:30:55,532 [INFO] MicroXplorer:472 - Change Database Version : DB.6.0.20
2021-03-28 13:30:55,566 [INFO] CheckServerUpdateThread:102 - End of CheckServer Thread
2021-03-28 13:30:55,646 [INFO] MainUpdater:2661 - connection check result : 10
2021-03-28 13:30:55,917 [INFO] CrossSelectorPresenter:1330 - Cross Selector saved comparison directory: C:\Users\kolya\.stmcufinder\plugins\mcufinder\mcu\cs_comparisons_mx
2021-03-28 13:30:55,921 [INFO] MultiScanPanel:200 - Auto-refresh data requested => check proxy status ongoing
2021-03-28 13:30:55,924 [INFO] FinderPluginLoader:87 - Searching for filters in installed packs
2021-03-28 13:30:55,924 [INFO] DbMcusXml:100 - Load MCU database from C:\ST\STM32CubeIDE_1.6.0\STM32CubeIDE\plugins\com.st.stm32cube.common.mx_6.2.0.202102191602\\db\/mcu/families.xml
2021-03-28 13:30:56,586 [INFO] DbMcusJson:94 - JSON generation date=Mon Feb 08 15:35:07 EET 2021 (1612791307)
2021-03-28 13:30:57,205 [INFO] DbMcus:175 - Found 1906 MCUs (1866 are supported by CubeMX, 1866 are visible in CubeMX)
2021-03-28 13:30:57,206 [INFO] ApiDb:251 - Load user favorites file C:\Users\kolya/.stm32cubeide/favorites.mcus.txt: 0 item(s)
2021-03-28 13:30:57,206 [INFO] ApiDb:255 - User favorites MCUs=[]
2021-03-28 13:30:57,206 [INFO] DbMcus:187 - Set 0 / 0 favorites MCUs
2021-03-28 13:30:57,692 [WARN] DetailPanel:315 - Failed to get advertising image, set to default
2021-03-28 13:30:58,091 [INFO] DbBoardsPdsc:90 - Found 24 items
2021-03-28 13:30:58,093 [INFO] DbBoardsPdsc:90 - Found 9 items
2021-03-28 13:30:58,097 [INFO] DbBoardsPdsc:90 - Found 33 items
2021-03-28 13:30:58,098 [INFO] DbBoardsPdsc:90 - Found 1 items
2021-03-28 13:30:58,104 [INFO] DbBoardsPdsc:90 - Found 46 items
2021-03-28 13:30:58,111 [INFO] DbBoardsPdsc:90 - Found 41 items
2021-03-28 13:30:58,113 [INFO] DbBoardsPdsc:90 - Found 2 items
2021-03-28 13:30:58,115 [INFO] DbBoardsPdsc:90 - Found 5 items
2021-03-28 13:30:58,117 [WARN] DbBoardsPdsc:254 - Board NUCLEO-WB15CC: unknown feature type=, name=, username=Three user LEDs, n=1
2021-03-28 13:30:58,118 [WARN] DbBoardsPdsc:254 - Board NUCLEO-WB15CC: unknown feature type=, name=, username=One reset and three user push-buttons, n=1
2021-03-28 13:30:58,118 [WARN] DbBoardsPdsc:254 - Board NUCLEO-WB15CC: unknown feature type=, name=, username=Arduino Uno V3 expansion connector, n=1
2021-03-28 13:30:58,118 [WARN] DbBoardsPdsc:254 - Board NUCLEO-WB15CC: unknown feature type=, name=, username=ST morpho extension pin headers for full access to all STM32WB I/Os, n=1
2021-03-28 13:30:58,118 [WARN] DbBoardsPdsc:254 - Board NUCLEO-WB15CC: unknown feature type=, name=, username=Integrated PCB antenna and SMA connector footprint, n=1
2021-03-28 13:30:58,118 [WARN] DbBoardsPdsc:254 - Board NUCLEO-WB15CC: unknown feature type=, name=, username=Flexible power-supply options: ST-LINK, USB VBUS, or external sources, n=1
2021-03-28 13:30:58,118 [WARN] DbBoardsPdsc:254 - Board NUCLEO-WB15CC: unknown feature type=, name=, username=On-board footprint to mount a CR2032 battery socket, n=1
2021-03-28 13:30:58,118 [WARN] DbBoardsPdsc:254 - Board NUCLEO-WB15CC: unknown feature type=, name=, username=On-board ST-LINK/V2-1 debugger/programmer with USB re-enumeration capability: mass storage, Virtual COM port, and debug port, n=1
2021-03-28 13:30:58,118 [WARN] DbBoardsPdsc:254 - Board NUCLEO-WB15CC: unknown feature type=, name=, username=Comprehensive free software libraries and examples available with the STM32CubeWB MCU Package, n=1
2021-03-28 13:30:58,118 [WARN] DbBoardsPdsc:254 - Board NUCLEO-WB15CC: unknown feature type=, name=, username=Support of a wide choice of Integrated Development Environments (IDEs) including IAR Embedded Workbench, MDK-ARM, STM32CubeIDE, and Mbed Studio, n=1
2021-03-28 13:30:58,120 [WARN] DbBoardsPdsc:254 - Board STM32H7B3I-DK: unknown feature type=Audio, name=, username=Audio stereo codec with Headphone Amp (CS42L51-CNZ), n=1
2021-03-28 13:30:58,121 [WARN] DbBoardsPdsc:254 - Board STM32H735G-DK: unknown feature type=Audio, name=, username=Audio stereo codec with Headphone Amp (WM8994ECS/R), n=1
2021-03-28 13:30:58,121 [WARN] DbBoardsPdsc:254 - Board STM32WB5MM-DK: unknown feature type=, name=, username=Time-of-Flight and gesture-detection sensor, n=1
2021-03-28 13:30:58,121 [WARN] DbBoardsPdsc:254 - Board STM32WB5MM-DK: unknown feature type=, name=, username=3 push-buttons (2 users and 1 reset) and 1 touch key button, n=1
2021-03-28 13:30:58,121 [WARN] DbBoardsPdsc:254 - Board STM32WB5MM-DK: unknown feature type=, name=, username=Flexible power-supply options: ST-LINK/V2-1 USB connector, 5 V delivered by ARDUINO® or external connector, USB charger, or USB power, n=1
2021-03-28 13:30:58,121 [WARN] DbBoardsPdsc:254 - Board STM32WB5MM-DK: unknown feature type=, name=, username=On-board ST-LINK/V2-1 debugger/programmer with USB re-enumeration capability: Virtual COM port and debug port, n=1
2021-03-28 13:30:58,121 [WARN] DbBoardsPdsc:254 - Board STM32WB5MM-DK: unknown feature type=, name=, username=Comprehensive free software libraries and examples available with the STM32CubeWB MCU Package, n=1
2021-03-28 13:30:58,121 [WARN] DbBoardsPdsc:254 - Board STM32WB5MM-DK: unknown feature type=, name=, username=Support of a wide choice of Integrated Development Environments (IDEs) including IAR Embedded Workbench®, MDK-ARM, and STM32CubeIDE, n=1
2021-03-28 13:30:58,123 [WARN] DbBoardsPdsc:254 - Board STM32H7B3I-EVAL: unknown feature type=Audio, name=, username=Multi-Channel Audio Codec (CS42L51-CNZ), n=1
2021-03-28 13:30:58,123 [WARN] DbBoardsPdsc:254 - Board STM32H7B3I-EVAL: unknown feature type=Meter, name=, username=Power-metering and Temperature-monitoring with sigma-delta modulators, n=1
2021-03-28 13:30:58,123 [WARN] DbBoardsPdsc:254 - Board STM32H7B3I-EVAL: unknown feature type=Motor, name=, username=Motor Control, n=1
2021-03-28 13:30:58,147 [INFO] DbBoardsJson:87 - JSON generation date=Thu Feb 04 18:53:45 EET 2021 (1612457625)
2021-03-28 13:30:58,153 [INFO] DbBoards:117 - Found 161 boards (158 are supported by CubeMX)
2021-03-28 13:30:58,164 [INFO] DbBoardsDocs:143 - JSON generation date=Mon Feb 08 15:35:07 EET 2021 (1612791307)
2021-03-28 13:30:58,188 [INFO] DbBoardsDocs:79 - Found 193 boards documents
2021-03-28 13:30:58,189 [WARN] DbBoards:127 - board B-L462E-CELL1 has no document id list !
2021-03-28 13:30:58,189 [WARN] DbBoards:127 - board B-L475E-IOT01A2 has no document id list !
2021-03-28 13:30:58,190 [WARN] DbBoards:127 - board NUCLEO-G0B1RE has no document id list !
2021-03-28 13:30:58,190 [WARN] DbBoards:127 - board NUCLEO-H743ZI2 has no document id list !
2021-03-28 13:30:58,191 [WARN] DbBoards:127 - board NUCLEO-L4A6ZG has no document id list !
2021-03-28 13:30:58,191 [WARN] DbBoards:127 - board NUCLEO-WB15CC has no document id list !
2021-03-28 13:30:58,191 [WARN] DbBoards:127 - board NUCLEO-WB55RG has no document id list !
2021-03-28 13:30:58,191 [WARN] DbBoards:127 - board NUCLEO-WL55JC2 has no document id list !
2021-03-28 13:30:58,192 [WARN] DbBoards:127 - board P-NUCLEO-WB55-Nucleo has no document id list !
2021-03-28 13:30:58,192 [WARN] DbBoards:127 - board P-NUCLEO-WB55-USBDongle has no document id list !
2021-03-28 13:30:58,192 [WARN] DbBoards:127 - board STEVAL-BFA001V1B has no document id list !
2021-03-28 13:30:58,192 [WARN] DbBoards:127 - board STEVAL-BFA001V2B has no document id list !
2021-03-28 13:30:58,192 [WARN] DbBoards:127 - board STEVAL-IDP005V1 has no document id list !
2021-03-28 13:30:58,192 [WARN] DbBoards:127 - board STEVAL-IDP005V2 has no document id list !
2021-03-28 13:30:58,192 [WARN] DbBoards:127 - board STEVAL-MKSBOX1V1 has no document id list !
2021-03-28 13:30:58,192 [WARN] DbBoards:127 - board STEVAL-STWINKT1 has no document id list !
2021-03-28 13:30:58,192 [WARN] DbBoards:127 - board STEVAL-STWINKT1B has no document id list !
2021-03-28 13:30:58,193 [WARN] DbBoards:127 - board STM32F401C-DISCO has no document id list !
2021-03-28 13:30:58,193 [WARN] DbBoards:127 - board STM32F769I-DISC1 has no document id list !
2021-03-28 13:30:58,194 [WARN] DbBoards:127 - board STM32G0C1E-EV has no document id list !
2021-03-28 13:30:58,194 [WARN] DbBoards:127 - board STM32G474E-EVAL1 has no document id list !
2021-03-28 13:30:58,194 [WARN] DbBoards:127 - board STM32H743I-EVAL2 has no document id list !
2021-03-28 13:30:58,194 [WARN] DbBoards:127 - board STM32H747I-DISC1 has no document id list !
2021-03-28 13:30:58,194 [WARN] DbBoards:127 - board STM32H753I-EVAL2 has no document id list !
2021-03-28 13:30:58,195 [WARN] DbBoards:127 - board STM32L-DISCOVERY has no document id list !
2021-03-28 13:30:58,195 [WARN] DbBoards:127 - board STM32MP157A-DK1 has no document id list !
2021-03-28 13:30:58,195 [WARN] DbBoards:127 - board STM32MP157F-DK2 has no document id list !
2021-03-28 13:30:58,195 [WARN] DbBoards:127 - board STM32MP157F-EV1 has no document id list !
2021-03-28 13:30:58,196 [WARN] DbBoards:127 - board STM32WB5MM-DK has no document id list !
2021-03-28 13:30:59,621 [INFO] ApiDb:251 - Load user favorites file C:\Users\kolya/.stm32cubeide/favorites.boards.txt: 0 item(s)
2021-03-28 13:30:59,621 [INFO] ApiDb:255 - User favorites Boards=[]
2021-03-28 13:30:59,621 [INFO] DbBoards:206 - Set 0 / 0 favorites Boards
2021-03-28 13:31:06,828 [INFO] RetryExec:97 - I/O exception (org.apache.http.NoHttpResponseException) caught when processing request to {s}->https://sw-center.st.com:443: The target server failed to respond
2021-03-28 13:31:06,830 [INFO] RetryExec:113 - Retrying request to {s}->https://sw-center.st.com:443
2021-03-28 13:31:09,126 [INFO] RetryExec:97 - I/O exception (org.apache.http.NoHttpResponseException) caught when processing request to {s}->https://sw-center.st.com:443: The target server failed to respond
2021-03-28 13:31:09,127 [INFO] RetryExec:113 - Retrying request to {s}->https://sw-center.st.com:443
2021-03-28 13:31:09,591 [INFO] RetryExec:97 - I/O exception (org.apache.http.NoHttpResponseException) caught when processing request to {s}->https://sw-center.st.com:443: The target server failed to respond
2021-03-28 13:31:09,591 [INFO] RetryExec:113 - Retrying request to {s}->https://sw-center.st.com:443
2021-03-28 13:31:09,981 [INFO] RetryExec:97 - I/O exception (org.apache.http.NoHttpResponseException) caught when processing request to {s}->https://sw-center.st.com:443: The target server failed to respond
2021-03-28 13:31:09,981 [INFO] RetryExec:113 - Retrying request to {s}->https://sw-center.st.com:443
2021-03-28 13:31:10,436 [INFO] RetryExec:97 - I/O exception (org.apache.http.NoHttpResponseException) caught when processing request to {s}->https://sw-center.st.com:443: The target server failed to respond
2021-03-28 13:31:10,436 [INFO] RetryExec:113 - Retrying request to {s}->https://sw-center.st.com:443
2021-03-28 13:31:10,876 [INFO] RetryExec:97 - I/O exception (org.apache.http.NoHttpResponseException) caught when processing request to {s}->https://sw-center.st.com:443: The target server failed to respond
2021-03-28 13:31:10,876 [INFO] RetryExec:113 - Retrying request to {s}->https://sw-center.st.com:443
2021-03-28 13:31:11,336 [INFO] RetryExec:97 - I/O exception (org.apache.http.NoHttpResponseException) caught when processing request to {s}->https://sw-center.st.com:443: The target server failed to respond
2021-03-28 13:31:11,336 [INFO] RetryExec:113 - Retrying request to {s}->https://sw-center.st.com:443
2021-03-28 13:31:11,792 [INFO] RetryExec:97 - I/O exception (org.apache.http.NoHttpResponseException) caught when processing request to {s}->https://sw-center.st.com:443: The target server failed to respond
2021-03-28 13:31:11,792 [INFO] RetryExec:113 - Retrying request to {s}->https://sw-center.st.com:443
2021-03-28 13:31:12,201 [INFO] RetryExec:97 - I/O exception (org.apache.http.NoHttpResponseException) caught when processing request to {s}->https://sw-center.st.com:443: The target server failed to respond
2021-03-28 13:31:12,201 [INFO] RetryExec:113 - Retrying request to {s}->https://sw-center.st.com:443
2021-03-28 13:31:12,616 [INFO] RetryExec:97 - I/O exception (org.apache.http.NoHttpResponseException) caught when processing request to {s}->https://sw-center.st.com:443: The target server failed to respond
2021-03-28 13:31:12,616 [INFO] RetryExec:113 - Retrying request to {s}->https://sw-center.st.com:443
2021-03-28 13:31:24,142 [INFO] DbMcusDocs:143 - JSON generation date=Mon Feb 08 15:35:07 EET 2021 (1612791307)
2021-03-28 13:31:24,404 [INFO] DbMcusDocs:79 - Found 617 MCUs documents
2021-03-28 13:32:04,721 [INFO] MainUpdater:2661 - connection check result : 10
2021-03-28 13:32:04,722 [INFO] MainUpdater:2661 - connection check result : 10
2021-03-28 13:32:04,766 [INFO] MicroXplorer:442 - Change Database Path : 
2021-03-28 13:32:04,766 [INFO] MicroXplorer:472 - Change Database Version : DB.6.0.20
2021-03-28 13:32:04,766 [WARN] ThirdParty:796 - waiting for thirdparty lock release [close project]
2021-03-28 13:32:04,766 [INFO] ThirdParty:798 - entering critical section [close project]
2021-03-28 13:32:04,766 [INFO] ThirdParty:809 - exiting critical section [close project]
2021-03-28 13:32:04,768 [INFO] PinOutPanel:1435 - setPackage(No Configuration,No Configuration)
2021-03-28 13:32:04,769 [INFO] UtilMem:74 - Begin LoadConfig() Used Memory: 420324968 Bytes (476053504)
2021-03-28 13:32:04,771 [INFO] MicroXplorer:442 - Change Database Path : 
2021-03-28 13:32:04,771 [INFO] MicroXplorer:472 - Change Database Version : DB.6.0.20
2021-03-28 13:32:04,771 [INFO] OpenFileManager:303 - Change cursor
2021-03-28 13:32:04,781 [WARN] IntegrityCheckThread:59 - waiting for thirdparty lock release [integrity check]
2021-03-28 13:32:04,781 [INFO] IntegrityCheckThread:61 - entering critical section [integrity check]
2021-03-28 13:32:04,870 [WARN] PackLoader:226 - Cannot read IP mode file for RoweBots.I-CUBE-UNISONRTOS.5.5.0-4
2021-03-28 13:32:04,897 [WARN] PackLoader:226 - Cannot read IP mode file for STMicroelectronics.X-CUBE-SFXS2LP1.3.0.0
2021-03-28 13:32:04,968 [WARN] PackLoader:226 - Cannot read IP mode file for STMicroelectronics.X-CUBE-MEMS1.8.2.0
2021-03-28 13:32:05,170 [WARN] PackLoader:226 - Cannot read IP mode file for STMicroelectronics.X-CUBE-EEPRMA1.3.0.0
2021-03-28 13:32:05,182 [WARN] PackLoader:226 - Cannot read IP mode file for STMicroelectronics.X-CUBE-NFC4.2.0.2
2021-03-28 13:32:05,193 [WARN] PackLoader:226 - Cannot read IP mode file for STMicroelectronics.X-CUBE-BLE2.3.2.0
2021-03-28 13:32:05,212 [WARN] PackLoader:226 - Cannot read IP mode file for STMicroelectronics.X-CUBE-SUBG2.4.0.0
2021-03-28 13:32:05,256 [WARN] PackLoader:226 - Cannot read IP mode file for STMicroelectronics.X-CUBE-AZRTOS-H7.1.0.0
2021-03-28 13:32:05,273 [WARN] PackLoader:226 - Cannot read IP mode file for STMicroelectronics.X-CUBE-DISPLAY.1.0.0
2021-03-28 13:32:05,276 [WARN] PackLoader:226 - Cannot read IP mode file for STMicroelectronics.X-CUBE-AI.6.0.0
2021-03-28 13:32:05,288 [WARN] PackLoader:226 - Cannot read IP mode file for STMicroelectronics.X-CUBE-ALGOBUILD.1.2.0
2021-03-28 13:32:05,301 [WARN] PackLoader:226 - Cannot read IP mode file for STMicroelectronics.X-CUBE-GNSS1.5.2.0
2021-03-28 13:32:05,313 [WARN] PackLoader:226 - Cannot read IP mode file for STMicroelectronics.X-CUBE-BLE1.6.1.0
2021-03-28 13:32:05,323 [WARN] PackLoader:226 - Cannot read IP mode file for wolfSSL.I-CUBE-wolfSSL.4.7.0
2021-03-28 13:32:05,327 [WARN] PackLoader:226 - Cannot read IP mode file for STMicroelectronics.X-CUBE-TOUCHGFX.4.16.1
2021-03-28 13:32:05,331 [WARN] PackLoader:226 - Cannot read IP mode file for STMicroelectronics.X-CUBE-AI.5.2.0
2021-03-28 13:32:05,331 [INFO] ThirdParty:900 - Integrity check success = true
2021-03-28 13:32:05,331 [INFO] IntegrityCheckThread:75 - exiting critical section [integrity check]
2021-03-28 13:32:05,331 [INFO] IntegrityCheckThread:78 - End integrity checks thread
2021-03-28 13:32:06,714 [INFO] Context:587 - Trying to add GPIOservice into a context  which must be forbidden
2021-03-28 13:32:07,116 [INFO] ImportTextPane:162 - (OptionalMessage_ERROR) Unable to find key (Mcu.ThirdPartyNb) in loaded IOC file
2021-03-28 13:32:07,116 [INFO] ImportTextPane:162 - (OptionalMessage_ERROR) Unable to find key (Mcu.PinsNb) in loaded IOC file
2021-03-28 13:32:07,116 [INFO] ImportTextPane:162 - (OptionalMessage_ERROR) Unable to find key (Mcu.IPNb) in loaded IOC file
2021-03-28 13:32:07,174 [WARN] ApiManager:294 - Cannot register API 'Board Extension:S2868A1' from pack STMicroelectronics.X-CUBE-SFXS2LP1.3.0.0: no header file found
2021-03-28 13:32:07,174 [WARN] ApiManager:294 - Cannot register API 'Board Extension:S2868A2' from pack STMicroelectronics.X-CUBE-SFXS2LP1.3.0.0: no header file found
2021-03-28 13:32:07,175 [WARN] ApiManager:294 - Cannot register API 'Board Extension:S2915A1' from pack STMicroelectronics.X-CUBE-SFXS2LP1.3.0.0: no header file found
2021-03-28 13:32:07,178 [WARN] ModelIntegratedComponent:51 - No mode defined for component null
2021-03-28 13:32:07,178 [WARN] ModelIntegratedComponent:51 - No mode defined for component null
2021-03-28 13:32:07,178 [WARN] ModelIntegratedComponent:51 - No mode defined for component null
2021-03-28 13:32:07,178 [WARN] ModelIntegratedComponent:51 - No mode defined for component null
2021-03-28 13:32:07,179 [WARN] ModelIntegratedComponent:51 - No mode defined for component null
2021-03-28 13:32:07,179 [WARN] ModelIntegratedComponent:51 - No mode defined for component null
2021-03-28 13:32:07,179 [WARN] ModelIntegratedComponent:51 - No mode defined for component null
2021-03-28 13:32:07,179 [WARN] ModelIntegratedComponent:51 - No mode defined for component null
2021-03-28 13:32:07,179 [WARN] ModelIntegratedComponent:51 - No mode defined for component null
2021-03-28 13:32:07,179 [WARN] ModelIntegratedComponent:51 - No mode defined for component null
2021-03-28 13:32:07,179 [WARN] ModelIntegratedComponent:51 - No mode defined for component null
2021-03-28 13:32:07,179 [WARN] ModelIntegratedComponent:51 - No mode defined for component null
2021-03-28 13:32:07,179 [WARN] ModelIntegratedComponent:51 - No mode defined for component null
2021-03-28 13:32:07,179 [WARN] ModelIntegratedComponent:51 - No mode defined for component null
2021-03-28 13:32:07,180 [WARN] ModelIntegratedComponent:51 - No mode defined for component null
2021-03-28 13:32:07,180 [WARN] ModelIntegratedComponent:51 - No mode defined for component null
2021-03-28 13:32:07,180 [WARN] ModelIntegratedComponent:51 - No mode defined for component null
2021-03-28 13:32:07,180 [WARN] ModelIntegratedComponent:51 - No mode defined for component null
2021-03-28 13:32:07,180 [WARN] ModelIntegratedComponent:51 - No mode defined for component null
2021-03-28 13:32:07,180 [WARN] ModelIntegratedComponent:51 - No mode defined for component null
2021-03-28 13:32:07,180 [WARN] ModelIntegratedComponent:51 - No mode defined for component null
2021-03-28 13:32:07,180 [WARN] ModelIntegratedComponent:51 - No mode defined for component null
2021-03-28 13:32:07,180 [WARN] ModelIntegratedComponent:51 - No mode defined for component null
2021-03-28 13:32:07,180 [WARN] ModelIntegratedComponent:51 - No mode defined for component null
2021-03-28 13:32:07,180 [WARN] ModelIntegratedComponent:51 - No mode defined for component null
2021-03-28 13:32:07,181 [WARN] ModelIntegratedComponent:51 - No mode defined for component null
2021-03-28 13:32:07,181 [WARN] ModelIntegratedComponent:51 - No mode defined for component null
2021-03-28 13:32:07,189 [WARN] ApiManager:294 - Cannot register API 'Board Extension:S2868A1' from pack STMicroelectronics.X-CUBE-SUBG2.4.0.0: no header file found
2021-03-28 13:32:07,189 [WARN] ApiManager:294 - Cannot register API 'Board Extension:S2868A2' from pack STMicroelectronics.X-CUBE-SUBG2.4.0.0: no header file found
2021-03-28 13:32:07,189 [WARN] ApiManager:294 - Cannot register API 'Board Extension:S2915A1' from pack STMicroelectronics.X-CUBE-SUBG2.4.0.0: no header file found
2021-03-28 13:32:07,353 [WARN] ApiManager:294 - Cannot register API 'Board Extension:IKS01A3' from pack STMicroelectronics.X-CUBE-MEMS1.8.2.0: no header file found
2021-03-28 13:32:07,353 [WARN] ApiManager:294 - Cannot register API 'Board Extension:IKS01A2' from pack STMicroelectronics.X-CUBE-MEMS1.8.2.0: no header file found
2021-03-28 13:32:07,353 [WARN] ApiManager:294 - Cannot register API 'Board Extension:IKS02A1' from pack STMicroelectronics.X-CUBE-MEMS1.8.2.0: no header file found
2021-03-28 13:32:07,362 [WARN] ApiManager:294 - Cannot register API 'Board Extension:EEPRMA1' from pack STMicroelectronics.X-CUBE-EEPRMA1.3.0.0: no header file found
2021-03-28 13:32:07,362 [WARN] ApiManager:294 - Cannot register API 'Board Extension:EEPRMA2' from pack STMicroelectronics.X-CUBE-EEPRMA1.3.0.0: no header file found
2021-03-28 13:32:07,363 [INFO] RtosManager:470 - Registered RTOS mode: class=CMSIS, group=RTOS, mode=CMSIS_V1, owner=FREERTOS
2021-03-28 13:32:07,363 [INFO] RtosManager:470 - Registered RTOS mode: class=CMSIS, group=RTOS2, mode=CMSIS_V2, owner=FREERTOS
2021-03-28 13:32:07,364 [INFO] RtosManager:470 - Registered RTOS mode: class=RTOS, group=Core, mode=CMSIS_V1, owner=FREERTOS
2021-03-28 13:32:07,364 [INFO] RtosManager:470 - Registered RTOS mode: class=RTOS, group=Core, mode=CMSIS_V2, owner=FREERTOS
2021-03-28 13:32:07,364 [WARN] ModelIntegratedComponent:182 - Missing modes for component STMicroelectronics:FreeRTOS:0.0.1:STMicroelectronics:RTOS:FreeRTOS:Core:::10.2.0:
2021-03-28 13:32:07,364 [WARN] ModelIntegratedComponent:180 - Modes not found for component STMicroelectronics:USB_DEVICE:1.0.0:STMicroelectronics:USB::USB Device:Audio HS::1.0:USB_DEVICE_1_0_RESTRICTED_HS
2021-03-28 13:32:07,364 [WARN] ModelIntegratedComponent:186 - Modes not found for component STMicroelectronics:USB_DEVICE:1.0.0:STMicroelectronics:USB::USB Device:Audio HS::1.0:USB_DEVICE_1_0_RESTRICTED_HS
2021-03-28 13:32:07,364 [WARN] ModelIntegratedComponent:180 - Modes not found for component STMicroelectronics:USB_DEVICE:1.0.0:STMicroelectronics:USB::USB Device:CDC HS::1.0:USB_DEVICE_1_0_RESTRICTED_HS
2021-03-28 13:32:07,365 [WARN] ModelIntegratedComponent:186 - Modes not found for component STMicroelectronics:USB_DEVICE:1.0.0:STMicroelectronics:USB::USB Device:CDC HS::1.0:USB_DEVICE_1_0_RESTRICTED_HS
2021-03-28 13:32:07,365 [WARN] ModelIntegratedComponent:180 - Modes not found for component STMicroelectronics:USB_DEVICE:1.0.0:STMicroelectronics:USB::USB Device:DFU HS::1.0:USB_DEVICE_1_0_RESTRICTED_HS
2021-03-28 13:32:07,365 [WARN] ModelIntegratedComponent:186 - Modes not found for component STMicroelectronics:USB_DEVICE:1.0.0:STMicroelectronics:USB::USB Device:DFU HS::1.0:USB_DEVICE_1_0_RESTRICTED_HS
2021-03-28 13:32:07,365 [WARN] ModelIntegratedComponent:180 - Modes not found for component STMicroelectronics:USB_DEVICE:1.0.0:STMicroelectronics:USB::USB Device:HID HS::1.0:USB_DEVICE_1_0_RESTRICTED_HS
2021-03-28 13:32:07,365 [WARN] ModelIntegratedComponent:186 - Modes not found for component STMicroelectronics:USB_DEVICE:1.0.0:STMicroelectronics:USB::USB Device:HID HS::1.0:USB_DEVICE_1_0_RESTRICTED_HS
2021-03-28 13:32:07,365 [WARN] ModelIntegratedComponent:180 - Modes not found for component STMicroelectronics:USB_DEVICE:1.0.0:STMicroelectronics:USB::USB Device:Custom HID HS::1.0:USB_DEVICE_1_0_RESTRICTED_HS
2021-03-28 13:32:07,365 [WARN] ModelIntegratedComponent:186 - Modes not found for component STMicroelectronics:USB_DEVICE:1.0.0:STMicroelectronics:USB::USB Device:Custom HID HS::1.0:USB_DEVICE_1_0_RESTRICTED_HS
2021-03-28 13:32:07,365 [WARN] ModelIntegratedComponent:180 - Modes not found for component STMicroelectronics:USB_DEVICE:1.0.0:STMicroelectronics:USB::USB Device:MSC HS::1.0:USB_DEVICE_1_0_RESTRICTED_HS
2021-03-28 13:32:07,365 [WARN] ModelIntegratedComponent:186 - Modes not found for component STMicroelectronics:USB_DEVICE:1.0.0:STMicroelectronics:USB::USB Device:MSC HS::1.0:USB_DEVICE_1_0_RESTRICTED_HS
2021-03-28 13:32:07,367 [WARN] ApiManager:294 - Cannot register API 'Board Extension:GNSS1A1' from pack STMicroelectronics.X-CUBE-GNSS1.5.2.0: no header file found
2021-03-28 13:32:07,367 [WARN] ApiManager:294 - Cannot register API 'Board Support:Custom' from pack STMicroelectronics.X-CUBE-GNSS1.5.2.0: no header file found
2021-03-28 13:32:07,367 [WARN] ApiManager:294 - Cannot register API 'Data Exchange:lib_gnss' from pack STMicroelectronics.X-CUBE-GNSS1.5.2.0: no header file found
2021-03-28 13:32:07,367 [WARN] ApiManager:294 - Cannot register API 'Wireless:BlueNRG-MS' from pack STMicroelectronics.X-CUBE-BLE1.6.1.0: no header file found
2021-03-28 13:32:07,368 [WARN] ModelIntegratedComponent:180 - Modes not found for component STMicroelectronics:USB_HOST:1.0.0:STMicroelectronics:USB::USB Host:Audio HS::1.0:USB_HOST_1_0_RESTRICTED_HS
2021-03-28 13:32:07,368 [WARN] ModelIntegratedComponent:186 - Modes not found for component STMicroelectronics:USB_HOST:1.0.0:STMicroelectronics:USB::USB Host:Audio HS::1.0:USB_HOST_1_0_RESTRICTED_HS
2021-03-28 13:32:07,368 [WARN] ModelIntegratedComponent:180 - Modes not found for component STMicroelectronics:USB_HOST:1.0.0:STMicroelectronics:USB::USB Host:CDC HS::1.0:USB_HOST_1_0_RESTRICTED_HS
2021-03-28 13:32:07,368 [WARN] ModelIntegratedComponent:186 - Modes not found for component STMicroelectronics:USB_HOST:1.0.0:STMicroelectronics:USB::USB Host:CDC HS::1.0:USB_HOST_1_0_RESTRICTED_HS
2021-03-28 13:32:07,368 [WARN] ModelIntegratedComponent:180 - Modes not found for component STMicroelectronics:USB_HOST:1.0.0:STMicroelectronics:USB::USB Host:MSC HS::1.0:USB_HOST_1_0_RESTRICTED_HS
2021-03-28 13:32:07,368 [WARN] ModelIntegratedComponent:186 - Modes not found for component STMicroelectronics:USB_HOST:1.0.0:STMicroelectronics:USB::USB Host:MSC HS::1.0:USB_HOST_1_0_RESTRICTED_HS
2021-03-28 13:32:07,368 [WARN] ModelIntegratedComponent:180 - Modes not found for component STMicroelectronics:USB_HOST:1.0.0:STMicroelectronics:USB::USB Host:HID HS::1.0:USB_HOST_1_0_RESTRICTED_HS
2021-03-28 13:32:07,369 [WARN] ModelIntegratedComponent:186 - Modes not found for component STMicroelectronics:USB_HOST:1.0.0:STMicroelectronics:USB::USB Host:HID HS::1.0:USB_HOST_1_0_RESTRICTED_HS
2021-03-28 13:32:07,369 [WARN] ModelIntegratedComponent:180 - Modes not found for component STMicroelectronics:USB_HOST:1.0.0:STMicroelectronics:USB::USB Host:MTP HS::1.0:USB_HOST_1_0_RESTRICTED_HS
2021-03-28 13:32:07,369 [WARN] ModelIntegratedComponent:186 - Modes not found for component STMicroelectronics:USB_HOST:1.0.0:STMicroelectronics:USB::USB Host:MTP HS::1.0:USB_HOST_1_0_RESTRICTED_HS
2021-03-28 13:32:07,369 [WARN] ApiManager:294 - Cannot register API 'Board Extension:NFC04A1' from pack STMicroelectronics.X-CUBE-NFC4.2.0.2: no header file found
2021-03-28 13:32:07,371 [WARN] ApiManager:294 - Cannot register API 'Wireless:BlueNRG-2' from pack STMicroelectronics.X-CUBE-BLE2.3.2.0: no header file found
2021-03-28 13:32:07,887 [INFO] UtilMem:74 - End LoadConfig() Used Memory: 398215680 Bytes (476053504)
2021-03-28 13:32:07,896 [WARN] ThirdParty:762 - waiting for thirdparty lock release [change project]
2021-03-28 13:32:07,896 [INFO] ThirdParty:764 - entering critical section [change project]
2021-03-28 13:32:07,896 [INFO] ThirdParty:952 - CMSIS Pack Vendor :RoweBots I-CUBE-UNISONRTOS 5.5.0-4
2021-03-28 13:32:07,896 [INFO] ThirdParty:952 - CMSIS Pack Vendor :STMicroelectronics X-CUBE-SFXS2LP1 3.0.0
2021-03-28 13:32:07,896 [INFO] ThirdParty:952 - CMSIS Pack Vendor :STMicroelectronics USB_HOST 2.0.0
2021-03-28 13:32:07,896 [INFO] ThirdParty:952 - CMSIS Pack Vendor :STMicroelectronics USB_DEVICE 3.0.0
2021-03-28 13:32:07,897 [INFO] ThirdParty:952 - CMSIS Pack Vendor :STMicroelectronics HAL Drivers 0.0.0
2021-03-28 13:32:07,897 [INFO] ThirdParty:952 - CMSIS Pack Vendor :STMicroelectronics MBEDTLS 2.16.2
2021-03-28 13:32:07,897 [INFO] ThirdParty:952 - CMSIS Pack Vendor :STMicroelectronics MBEDTLS 2.14.1
2021-03-28 13:32:07,897 [INFO] ThirdParty:952 - CMSIS Pack Vendor :STMicroelectronics X-CUBE-SUBG2 4.0.0
2021-03-28 13:32:07,897 [INFO] ThirdParty:952 - CMSIS Pack Vendor :STMicroelectronics X-CUBE-AZRTOS-H7 1.0.0
2021-03-28 13:32:07,897 [INFO] ThirdParty:952 - CMSIS Pack Vendor :STMicroelectronics USB_DEVICE 2.0.0
2021-03-28 13:32:07,897 [INFO] ThirdParty:952 - CMSIS Pack Vendor :STMicroelectronics X-CUBE-MEMS1 8.2.0
2021-03-28 13:32:07,897 [INFO] ThirdParty:952 - CMSIS Pack Vendor :STMicroelectronics X-CUBE-EEPRMA1 3.0.0
2021-03-28 13:32:07,897 [INFO] ThirdParty:952 - CMSIS Pack Vendor :STMicroelectronics X-CUBE-DISPLAY 1.0.0
2021-03-28 13:32:07,897 [INFO] ThirdParty:952 - CMSIS Pack Vendor :STMicroelectronics FreeRTOS 0.0.1
2021-03-28 13:32:07,897 [INFO] ThirdParty:952 - CMSIS Pack Vendor :STMicroelectronics USB_DEVICE 1.0.0
2021-03-28 13:32:07,897 [INFO] ThirdParty:952 - CMSIS Pack Vendor :STMicroelectronics X-CUBE-AI 6.0.0
2021-03-28 13:32:07,897 [INFO] ThirdParty:952 - CMSIS Pack Vendor :STMicroelectronics X-CUBE-ALGOBUILD 1.2.0
2021-03-28 13:32:07,897 [INFO] ThirdParty:952 - CMSIS Pack Vendor :STMicroelectronics X-CUBE-GNSS1 5.2.0
2021-03-28 13:32:07,898 [INFO] ThirdParty:952 - CMSIS Pack Vendor :STMicroelectronics X-CUBE-BLE1 6.1.0
2021-03-28 13:32:07,898 [INFO] ThirdParty:952 - CMSIS Pack Vendor :STMicroelectronics lwIP 2.0.3
2021-03-28 13:32:07,898 [INFO] ThirdParty:952 - CMSIS Pack Vendor :STMicroelectronics lwIP 2.1.2
2021-03-28 13:32:07,898 [INFO] ThirdParty:952 - CMSIS Pack Vendor :STMicroelectronics USB_HOST 1.0.0
2021-03-28 13:32:07,898 [INFO] ThirdParty:952 - CMSIS Pack Vendor :STMicroelectronics X-CUBE-NFC4 2.0.2
2021-03-28 13:32:07,898 [INFO] ThirdParty:952 - CMSIS Pack Vendor :wolfSSL I-CUBE-wolfSSL 4.7.0
2021-03-28 13:32:07,898 [INFO] ThirdParty:952 - CMSIS Pack Vendor :STMicroelectronics X-CUBE-TOUCHGFX 4.16.1
2021-03-28 13:32:07,898 [INFO] ThirdParty:952 - CMSIS Pack Vendor :STMicroelectronics X-CUBE-AI 5.2.0
2021-03-28 13:32:07,898 [INFO] ThirdParty:952 - CMSIS Pack Vendor :STMicroelectronics PDM2PCM 3.1.0
2021-03-28 13:32:07,898 [INFO] ThirdParty:952 - CMSIS Pack Vendor :STMicroelectronics PDM2PCM 3.2.0
2021-03-28 13:32:07,898 [INFO] ThirdParty:952 - CMSIS Pack Vendor :STMicroelectronics PDM2PCM 3.3.0
2021-03-28 13:32:07,898 [INFO] ThirdParty:952 - CMSIS Pack Vendor :STMicroelectronics X-CUBE-BLE2 3.2.0
2021-03-28 13:32:07,899 [INFO] ThirdParty:770 - exiting critical section [change project]
2021-03-28 13:32:08,203 [INFO] PinOutPanel:1435 - setPackage(No Configuration,No Configuration)
2021-03-28 13:32:08,204 [INFO] PinOutPanel:1435 - setPackage(STM32F411CEUx,UFQFPN48)
2021-03-28 13:32:08,577 [INFO] UtilMem:74 - Before build in PCC Used Memory: 383123104 Bytes (476053504)
2021-03-28 13:32:09,032 [INFO] SharedServices:72 - Folder for power plug-in: C:/Users/kolya/.stm32cubemx/plugins/power
2021-03-28 13:32:09,073 [INFO] SharedServices:72 - Folder for power plug-in: C:/Users/kolya/.stm32cubemx/plugins/power
2021-03-28 13:32:09,107 [INFO] SharedServices:72 - Folder for power plug-in: C:/Users/kolya/.stm32cubemx/plugins/power
2021-03-28 13:32:09,111 [INFO] SharedServices:72 - Folder for power plug-in: C:/Users/kolya/.stm32cubemx/plugins/power
2021-03-28 13:32:09,260 [INFO] UtilMem:74 - After build in PCC Used Memory: 376816448 Bytes (476053504)
2021-03-28 13:32:09,282 [INFO] IPUIPlugin:64 - create IPUIPlugin
2021-03-28 13:32:09,282 [INFO] IPUIPlugin:64 - create IPUIPlugin
2021-03-28 13:32:09,282 [INFO] IPUIPlugin:64 - create IPUIPlugin
2021-03-28 13:32:09,282 [INFO] IPUIPlugin:64 - create IPUIPlugin
2021-03-28 13:32:09,283 [INFO] IPUIPlugin:64 - create IPUIPlugin
2021-03-28 13:32:09,283 [INFO] IPUIPlugin:64 - create IPUIPlugin
2021-03-28 13:32:09,283 [INFO] IPUIPlugin:64 - create IPUIPlugin
2021-03-28 13:32:09,283 [INFO] IPUIPlugin:64 - create IPUIPlugin
2021-03-28 13:32:09,283 [INFO] IPUIPlugin:64 - create IPUIPlugin
2021-03-28 13:32:09,283 [INFO] IPUIPlugin:64 - create IPUIPlugin
2021-03-28 13:32:09,284 [INFO] IPUIPlugin:64 - create IPUIPlugin
2021-03-28 13:32:09,284 [INFO] IPUIPlugin:64 - create IPUIPlugin
2021-03-28 13:32:09,284 [INFO] IPUIPlugin:64 - create IPUIPlugin
2021-03-28 13:32:09,284 [INFO] IPUIPlugin:64 - create IPUIPlugin
2021-03-28 13:32:09,285 [INFO] IPUIPlugin:64 - create IPUIPlugin
2021-03-28 13:32:09,285 [INFO] IPUIPlugin:64 - create IPUIPlugin
2021-03-28 13:32:09,286 [INFO] IPUIPlugin:64 - create IPUIPlugin
2021-03-28 13:32:09,286 [INFO] IPUIPlugin:64 - create IPUIPlugin
2021-03-28 13:32:09,286 [INFO] IPUIPlugin:64 - create IPUIPlugin
2021-03-28 13:32:09,287 [INFO] IPUIPlugin:64 - create IPUIPlugin
2021-03-28 13:32:09,287 [INFO] IPUIPlugin:64 - create IPUIPlugin
2021-03-28 13:32:09,288 [INFO] IPUIPlugin:64 - create IPUIPlugin
2021-03-28 13:32:09,288 [INFO] IPUIPlugin:64 - create IPUIPlugin
2021-03-28 13:32:09,288 [INFO] IPUIPlugin:64 - create IPUIPlugin
2021-03-28 13:32:09,289 [INFO] IPUIPlugin:64 - create IPUIPlugin
2021-03-28 13:32:09,289 [INFO] IPUIPlugin:64 - create IPUIPlugin
2021-03-28 13:32:09,290 [INFO] IPUIPlugin:64 - create IPUIPlugin
2021-03-28 13:32:09,290 [INFO] IPUIPlugin:64 - create IPUIPlugin
2021-03-28 13:32:09,290 [INFO] IPUIPlugin:64 - create IPUIPlugin
2021-03-28 13:32:09,291 [INFO] IPUIPlugin:64 - create IPUIPlugin
2021-03-28 13:32:09,291 [INFO] IPUIPlugin:64 - create IPUIPlugin
2021-03-28 13:32:09,292 [INFO] IPUIPlugin:64 - create IPUIPlugin
2021-03-28 13:32:09,292 [INFO] IPUIPlugin:64 - create IPUIPlugin
2021-03-28 13:32:09,293 [INFO] IPUIPlugin:64 - create IPUIPlugin
2021-03-28 13:32:09,293 [INFO] IPUIPlugin:64 - create IPUIPlugin
2021-03-28 13:32:09,294 [INFO] IPUIPlugin:64 - create IPUIPlugin
2021-03-28 13:32:09,294 [INFO] IPUIPlugin:64 - create IPUIPlugin
2021-03-28 13:32:09,295 [INFO] IPUIPlugin:64 - create IPUIPlugin
2021-03-28 13:32:09,296 [INFO] IPUIPlugin:64 - create IPUIPlugin
2021-03-28 13:32:09,297 [INFO] IPUIPlugin:64 - create IPUIPlugin
2021-03-28 13:32:09,297 [INFO] IPUIPlugin:64 - create IPUIPlugin
2021-03-28 13:32:09,298 [INFO] IPUIPlugin:64 - create IPUIPlugin
2021-03-28 13:32:09,299 [INFO] IPUIPlugin:64 - create IPUIPlugin
2021-03-28 13:32:09,358 [INFO] ApiDbMcu:458 - Load IP Config File for PDM2PCM
2021-03-28 13:32:09,386 [INFO] LogOutputStream:76 - [STDOUT_REDIRECT] toolchainItems.length=====1
2021-03-28 13:32:09,486 [INFO] OpenFileManager:323 - Restore cursor
2021-03-28 13:32:09,738 [INFO] UtilMem:74 - End SaveConfig() Used Memory: 401208872 Bytes (476053504)
2021-03-28 13:32:09,786 [INFO] UtilMem:74 - End SaveConfig() Used Memory: 409378112 Bytes (476053504)
2021-03-28 13:32:10,120 [INFO] BlockDiagram:2735 - set Specific Code input for plugin: NVIC
2021-03-28 13:32:10,120 [INFO] BlockDiagram:2735 - set Specific Code input for plugin: SYS
2021-03-28 13:32:10,120 [INFO] BlockDiagram:2735 - set Specific Code input for plugin: RCC
2021-03-28 13:32:10,121 [INFO] CodeGenerator:641 - code generatio: config db path: C:\ST\STM32CubeIDE_1.6.0\STM32CubeIDE\plugins\com.st.stm32cube.common.mx_6.2.0.202102191602\\db\
2021-03-28 13:32:10,481 [INFO] CodeEngine:229 - oldGeneratedFile, C:\Users\kolya\Documents\GitHub\onpu\3_year\Create_CPU_6_sem\lab2\MXTmpFiles\license.tmp_save
2021-03-28 13:32:10,790 [INFO] CodeEngine:247 - Generated code: C:\Users\kolya\Documents\GitHub\onpu\3_year\Create_CPU_6_sem\lab2\MXTmpFiles\license.tmp
2021-03-28 13:32:10,904 [INFO] CodeEngine:229 - oldGeneratedFile, C:\Users\kolya\Documents\GitHub\onpu\3_year\Create_CPU_6_sem\lab2\Core\Src\stm32f4xx_it.c_save
2021-03-28 13:32:11,035 [INFO] CodeEngine:247 - Generated code: C:\Users\kolya\Documents\GitHub\onpu\3_year\Create_CPU_6_sem\lab2\Core\Src\stm32f4xx_it.c
2021-03-28 13:32:11,044 [INFO] CodeEngine:229 - oldGeneratedFile, C:\Users\kolya\Documents\GitHub\onpu\3_year\Create_CPU_6_sem\lab2\Core\Inc\stm32f4xx_it.h_save
2021-03-28 13:32:11,120 [INFO] CodeEngine:247 - Generated code: C:\Users\kolya\Documents\GitHub\onpu\3_year\Create_CPU_6_sem\lab2\Core\Inc\stm32f4xx_it.h
2021-03-28 13:32:11,156 [INFO] CodeEngine:229 - oldGeneratedFile, C:\Users\kolya\Documents\GitHub\onpu\3_year\Create_CPU_6_sem\lab2\Core\Src\stm32f4xx_hal_msp.c_save
2021-03-28 13:32:11,274 [INFO] CodeEngine:247 - Generated code: C:\Users\kolya\Documents\GitHub\onpu\3_year\Create_CPU_6_sem\lab2\Core\Src\stm32f4xx_hal_msp.c
2021-03-28 13:32:11,283 [INFO] CodeEngine:229 - oldGeneratedFile, C:\Users\kolya\Documents\GitHub\onpu\3_year\Create_CPU_6_sem\lab2\MXTmpFiles\system.tmp_save
2021-03-28 13:32:11,344 [INFO] CodeEngine:247 - Generated code: C:\Users\kolya\Documents\GitHub\onpu\3_year\Create_CPU_6_sem\lab2\MXTmpFiles\system.tmp
2021-03-28 13:32:11,378 [INFO] CodeEngine:229 - oldGeneratedFile, C:\Users\kolya\Documents\GitHub\onpu\3_year\Create_CPU_6_sem\lab2\Core\Inc\stm32f4xx_hal_conf.h_save
2021-03-28 13:32:11,475 [INFO] CodeEngine:247 - Generated code: C:\Users\kolya\Documents\GitHub\onpu\3_year\Create_CPU_6_sem\lab2\Core\Inc\stm32f4xx_hal_conf.h
2021-03-28 13:32:11,553 [INFO] CodeEngine:229 - oldGeneratedFile, C:\Users\kolya\Documents\GitHub\onpu\3_year\Create_CPU_6_sem\lab2\Core\Inc\main.h_save
2021-03-28 13:32:11,641 [INFO] CodeEngine:247 - Generated code: C:\Users\kolya\Documents\GitHub\onpu\3_year\Create_CPU_6_sem\lab2\Core\Inc\main.h
2021-03-28 13:32:11,656 [INFO] CodeEngine:229 - oldGeneratedFile, C:\Users\kolya\Documents\GitHub\onpu\3_year\Create_CPU_6_sem\lab2\Core\Src\main.c_save
2021-03-28 13:32:11,782 [INFO] CodeEngine:247 - Generated code: C:\Users\kolya\Documents\GitHub\onpu\3_year\Create_CPU_6_sem\lab2\Core\Src\main.c
2021-03-28 13:32:13,025 [INFO] ProjectBuilder:2460 - Time for Copy HAL[1] : 488mS.
2021-03-28 13:32:13,032 [INFO] ProjectBuilder:3418 - Project Generator version: 3.13.0-B3
2021-03-28 13:32:13,531 [INFO] ConfigFileManager:1242 - The Die is : DIE431
2021-03-28 13:32:13,567 [INFO] ApiDbMcu:458 - Load IP Config File for FATFS
2021-03-28 13:32:13,604 [INFO] ApiDbMcu:458 - Load IP Config File for FREERTOS
2021-03-28 13:32:13,616 [INFO] ApiDbMcu:458 - Load IP Config File for LIBJPEG
2021-03-28 13:32:13,665 [INFO] ApiDbMcu:458 - Load IP Config File for MBEDTLS
2021-03-28 13:32:13,709 [INFO] ApiDbMcu:458 - Load IP Config File for USB_DEVICE
2021-03-28 13:32:13,726 [INFO] ApiDbMcu:458 - Load IP Config File for USB_HOST
2021-03-28 13:32:19,718 [INFO] ProjectBuilder:3584 - Time for Generating toolchain IDE Files: 6686mS.
2021-03-28 13:32:19,719 [INFO] ProjectBuilder:2339 - Time for Copy CMSIS : 1mS.
2021-03-28 13:32:19,721 [INFO] ProjectBuilder:2339 - Time for Copy CMSIS : 0mS.
2021-03-28 13:32:20,543 [INFO] ApiDb:276 - Save user favorites file C:\Users\kolya/.stm32cubeide/favorites.mcus.txt: 0 item(s)
2021-03-28 13:32:20,543 [INFO] ApiDb:280 - User favorites MCUs=[]
2021-03-28 13:35:21,904 [INFO] UtilMem:74 - End SaveConfig() Used Memory: 290525576 Bytes (632291328)
2021-03-28 13:35:25,381 [INFO] UtilMem:74 - End SaveConfig() Used Memory: 307829128 Bytes (632291328)
2021-03-28 13:35:31,212 [INFO] UtilMem:74 - End SaveConfig() Used Memory: 337106592 Bytes (632291328)
2021-03-28 13:35:31,520 [INFO] BlockDiagram:2735 - set Specific Code input for plugin: NVIC
2021-03-28 13:35:31,520 [INFO] BlockDiagram:2735 - set Specific Code input for plugin: SYS
2021-03-28 13:35:31,520 [INFO] BlockDiagram:2735 - set Specific Code input for plugin: GPIO
2021-03-28 13:35:31,521 [INFO] BlockDiagram:2735 - set Specific Code input for plugin: RCC
2021-03-28 13:35:31,521 [INFO] CodeGenerator:641 - code generatio: config db path: C:\ST\STM32CubeIDE_1.6.0\STM32CubeIDE\plugins\com.st.stm32cube.common.mx_6.2.0.202102191602\\db\
2021-03-28 13:35:31,865 [INFO] CodeEngine:229 - oldGeneratedFile, C:\Users\kolya\Documents\GitHub\onpu\3_year\Create_CPU_6_sem\lab2\MXTmpFiles\license.tmp_save
2021-03-28 13:35:31,963 [INFO] CodeEngine:247 - Generated code: C:\Users\kolya\Documents\GitHub\onpu\3_year\Create_CPU_6_sem\lab2\MXTmpFiles\license.tmp
2021-03-28 13:35:32,029 [INFO] CodeEngine:229 - oldGeneratedFile, C:\Users\kolya\Documents\GitHub\onpu\3_year\Create_CPU_6_sem\lab2\MXTmpFiles\gpio.tmp_save
2021-03-28 13:35:32,109 [INFO] CodeEngine:247 - Generated code: C:\Users\kolya\Documents\GitHub\onpu\3_year\Create_CPU_6_sem\lab2\MXTmpFiles\gpio.tmp
2021-03-28 13:35:32,155 [INFO] CodeEngine:229 - oldGeneratedFile, C:\Users\kolya\Documents\GitHub\onpu\3_year\Create_CPU_6_sem\lab2\Core\Src\stm32f4xx_it.c_save
2021-03-28 13:35:32,255 [INFO] CodeEngine:247 - Generated code: C:\Users\kolya\Documents\GitHub\onpu\3_year\Create_CPU_6_sem\lab2\Core\Src\stm32f4xx_it.c
2021-03-28 13:35:32,266 [INFO] CodeEngine:229 - oldGeneratedFile, C:\Users\kolya\Documents\GitHub\onpu\3_year\Create_CPU_6_sem\lab2\Core\Inc\stm32f4xx_it.h_save
2021-03-28 13:35:32,339 [INFO] CodeEngine:247 - Generated code: C:\Users\kolya\Documents\GitHub\onpu\3_year\Create_CPU_6_sem\lab2\Core\Inc\stm32f4xx_it.h
2021-03-28 13:35:32,374 [INFO] CodeEngine:229 - oldGeneratedFile, C:\Users\kolya\Documents\GitHub\onpu\3_year\Create_CPU_6_sem\lab2\Core\Src\stm32f4xx_hal_msp.c_save
2021-03-28 13:35:32,499 [INFO] CodeEngine:247 - Generated code: C:\Users\kolya\Documents\GitHub\onpu\3_year\Create_CPU_6_sem\lab2\Core\Src\stm32f4xx_hal_msp.c
2021-03-28 13:35:32,504 [INFO] CodeEngine:229 - oldGeneratedFile, C:\Users\kolya\Documents\GitHub\onpu\3_year\Create_CPU_6_sem\lab2\MXTmpFiles\system.tmp_save
2021-03-28 13:35:32,561 [INFO] CodeEngine:247 - Generated code: C:\Users\kolya\Documents\GitHub\onpu\3_year\Create_CPU_6_sem\lab2\MXTmpFiles\system.tmp
2021-03-28 13:35:32,596 [INFO] CodeEngine:229 - oldGeneratedFile, C:\Users\kolya\Documents\GitHub\onpu\3_year\Create_CPU_6_sem\lab2\Core\Inc\stm32f4xx_hal_conf.h_save
2021-03-28 13:35:32,722 [INFO] CodeEngine:247 - Generated code: C:\Users\kolya\Documents\GitHub\onpu\3_year\Create_CPU_6_sem\lab2\Core\Inc\stm32f4xx_hal_conf.h
2021-03-28 13:35:32,794 [INFO] CodeEngine:229 - oldGeneratedFile, C:\Users\kolya\Documents\GitHub\onpu\3_year\Create_CPU_6_sem\lab2\Core\Inc\main.h_save
2021-03-28 13:35:32,879 [INFO] CodeEngine:247 - Generated code: C:\Users\kolya\Documents\GitHub\onpu\3_year\Create_CPU_6_sem\lab2\Core\Inc\main.h
2021-03-28 13:35:32,895 [INFO] CodeEngine:229 - oldGeneratedFile, C:\Users\kolya\Documents\GitHub\onpu\3_year\Create_CPU_6_sem\lab2\Core\Src\main.c_save
2021-03-28 13:35:33,020 [INFO] CodeEngine:247 - Generated code: C:\Users\kolya\Documents\GitHub\onpu\3_year\Create_CPU_6_sem\lab2\Core\Src\main.c
2021-03-28 13:35:33,845 [INFO] ProjectBuilder:2460 - Time for Copy HAL[1] : 100mS.
2021-03-28 13:35:33,849 [INFO] ProjectBuilder:3418 - Project Generator version: 3.13.0-B3
2021-03-28 13:35:34,316 [INFO] ConfigFileManager:1242 - The Die is : DIE431
2021-03-28 13:35:36,460 [INFO] ProjectBuilder:3584 - Time for Generating toolchain IDE Files: 2611mS.
2021-03-28 13:35:36,461 [INFO] ProjectBuilder:2339 - Time for Copy CMSIS : 0mS.
2021-03-28 13:35:36,464 [INFO] ProjectBuilder:2339 - Time for Copy CMSIS : 0mS.
